wandb: Currently logged in as: coyfelix7 (coyfelix7-universit-t-leipzig) to https://api.wandb.ai. Use `wandb login --relogin` to force relogin
wandb: Tracking run with wandb version 0.20.1
wandb: Run data is saved locally in /home/sc.uni-leipzig.de/tk51maga/projects/uitb/RL_2025_UITB_REG/simulators/wandb/run-20250616_152553-xa6x52kf
wandb: Run `wandb offline` to turn off syncing.
wandb: Syncing run reg_mobl_arms_index_pointing_negative_five_l_one
wandb: ⭐️ View project at https://wandb.ai/coyfelix7-universit-t-leipzig/uitb
wandb: 🚀 View run at https://wandb.ai/coyfelix7-universit-t-leipzig/uitb/runs/xa6x52kf
ordereddict([('algorithm', 'PPO'), ('policy_type', 'policies.MultiInputActorCriticPolicyTanhActions'), ('policy_kwargs', ordereddict([('activation_fn', 'torch.nn.LeakyReLU'), ('net_arch', [256, 256]), ('log_std_init', 0.0), ('features_extractor_class', 'feature_extractor.FeatureExtractor'), ('normalize_images', False)])), ('lr', ordereddict([('function', 'schedule.linear_schedule'), ('kwargs', ordereddict([('initial_value', 5e-05), ('min_value', 1e-07), ('threshold', 0.8)]))])), ('reg', ordereddict([('l1', 1e-05), ('l2', 0.0), ('dropout', 0.0), ('layer_norm', False)])), ('total_timesteps', 100000000), ('device', 'cuda'), ('num_workers', 10), ('nsteps', 4000), ('batch_size', 500), ('target_kl', 1.0), ('save_freq', 5000000)])
/home/sc.uni-leipzig.de/tk51maga/.local/lib/python3.11/site-packages/gymnasium/core.py:311: UserWarning: [33mWARN: env.set_task_regularisation to get variables from other wrappers is deprecated and will be removed in v1.0, to get this variable you can do `env.unwrapped.set_task_regularisation` for environment variables or `env.get_wrapper_attr('set_task_regularisation')` that will search the reminding wrappers.[0m
  logger.warn(
/home/sc.uni-leipzig.de/tk51maga/.local/lib/python3.11/site-packages/gymnasium/core.py:311: UserWarning: [33mWARN: env.set_task_regularisation to get variables from other wrappers is deprecated and will be removed in v1.0, to get this variable you can do `env.unwrapped.set_task_regularisation` for environment variables or `env.get_wrapper_attr('set_task_regularisation')` that will search the reminding wrappers.[0m
  logger.warn(
/home/sc.uni-leipzig.de/tk51maga/.local/lib/python3.11/site-packages/gymnasium/core.py:311: UserWarning: [33mWARN: env.set_task_regularisation to get variables from other wrappers is deprecated and will be removed in v1.0, to get this variable you can do `env.unwrapped.set_task_regularisation` for environment variables or `env.get_wrapper_attr('set_task_regularisation')` that will search the reminding wrappers.[0m
  logger.warn(
/home/sc.uni-leipzig.de/tk51maga/.local/lib/python3.11/site-packages/gymnasium/core.py:311: UserWarning: [33mWARN: env.set_task_regularisation to get variables from other wrappers is deprecated and will be removed in v1.0, to get this variable you can do `env.unwrapped.set_task_regularisation` for environment variables or `env.get_wrapper_attr('set_task_regularisation')` that will search the reminding wrappers.[0m
  logger.warn(
/home/sc.uni-leipzig.de/tk51maga/.local/lib/python3.11/site-packages/gymnasium/core.py:311: UserWarning: [33mWARN: env.set_task_regularisation to get variables from other wrappers is deprecated and will be removed in v1.0, to get this variable you can do `env.unwrapped.set_task_regularisation` for environment variables or `env.get_wrapper_attr('set_task_regularisation')` that will search the reminding wrappers.[0m
  logger.warn(
/home/sc.uni-leipzig.de/tk51maga/.local/lib/python3.11/site-packages/gymnasium/core.py:311: UserWarning: [33mWARN: env.set_task_regularisation to get variables from other wrappers is deprecated and will be removed in v1.0, to get this variable you can do `env.unwrapped.set_task_regularisation` for environment variables or `env.get_wrapper_attr('set_task_regularisation')` that will search the reminding wrappers.[0m
  logger.warn(
/home/sc.uni-leipzig.de/tk51maga/.local/lib/python3.11/site-packages/gymnasium/core.py:311: UserWarning: [33mWARN: env.set_task_regularisation to get variables from other wrappers is deprecated and will be removed in v1.0, to get this variable you can do `env.unwrapped.set_task_regularisation` for environment variables or `env.get_wrapper_attr('set_task_regularisation')` that will search the reminding wrappers.[0m
  logger.warn(
/home/sc.uni-leipzig.de/tk51maga/.local/lib/python3.11/site-packages/gymnasium/core.py:311: UserWarning: [33mWARN: env.set_task_regularisation to get variables from other wrappers is deprecated and will be removed in v1.0, to get this variable you can do `env.unwrapped.set_task_regularisation` for environment variables or `env.get_wrapper_attr('set_task_regularisation')` that will search the reminding wrappers.[0m
  logger.warn(
/home/sc.uni-leipzig.de/tk51maga/.local/lib/python3.11/site-packages/gymnasium/core.py:311: UserWarning: [33mWARN: env.set_task_regularisation to get variables from other wrappers is deprecated and will be removed in v1.0, to get this variable you can do `env.unwrapped.set_task_regularisation` for environment variables or `env.get_wrapper_attr('set_task_regularisation')` that will search the reminding wrappers.[0m
  logger.warn(
/home/sc.uni-leipzig.de/tk51maga/.local/lib/python3.11/site-packages/gymnasium/core.py:311: UserWarning: [33mWARN: env.set_task_regularisation to get variables from other wrappers is deprecated and will be removed in v1.0, to get this variable you can do `env.unwrapped.set_task_regularisation` for environment variables or `env.get_wrapper_attr('set_task_regularisation')` that will search the reminding wrappers.[0m
  logger.warn(
Reg True
Using cuda device
Reg True
Reg True
Logging to /home/sc.uni-leipzig.de/tk51maga/projects/uitb/RL_2025_UITB_REG/simulators/reg_mobl_arms_index_pointing_negative_five_l_one/PPO_1
Update penalty
---------------------------------
| rollout/           |          |
|    ep_len_mean     | 800      |
|    ep_rew_mean     | -96      |
| time/              |          |
|    fps             | 547      |
|    iterations      | 1        |
|    time_elapsed    | 73       |
|    total_timesteps | 40000    |
---------------------------------
Update penalty
----------------------------------------
| rollout/                |            |
|    ep_len_mean          | 800        |
|    ep_rew_mean          | -96.4      |
| time/                   |            |
|    fps                  | 514        |
|    iterations           | 2          |
|    time_elapsed         | 155        |
|    total_timesteps      | 80000      |
| train/                  |            |
|    approx_kl            | 0.00975544 |
|    clip_fraction        | 0.115      |
|    clip_range           | 0.2        |
|    entropy_loss         | -36.9      |
|    explained_variance   | -26.7      |
|    learning_rate        | 5e-05      |
|    loss                 | 0.0988     |
|    n_updates            | 10         |
|    policy_gradient_loss | -0.00131   |
|    std                  | 1          |
|    value_loss           | 0.362      |
----------------------------------------
Update penalty
----------------------------------------
| rollout/                |            |
|    ep_len_mean          | 800        |
|    ep_rew_mean          | -96.7      |
| time/                   |            |
|    fps                  | 502        |
|    iterations           | 3          |
|    time_elapsed         | 238        |
|    total_timesteps      | 120000     |
| train/                  |            |
|    approx_kl            | 0.01129932 |
|    clip_fraction        | 0.125      |
|    clip_range           | 0.2        |
|    entropy_loss         | -36.9      |
|    explained_variance   | -0.912     |
|    learning_rate        | 5e-05      |
|    loss                 | 0.0155     |
|    n_updates            | 20         |
|    policy_gradient_loss | -0.0133    |
|    std                  | 0.998      |
|    value_loss           | 0.0961     |
----------------------------------------
Update penalty
-----------------------------------------
| rollout/                |             |
|    ep_len_mean          | 800         |
|    ep_rew_mean          | -96.3       |
| time/                   |             |
|    fps                  | 491         |
|    iterations           | 4           |
|    time_elapsed         | 325         |
|    total_timesteps      | 160000      |
| train/                  |             |
|    approx_kl            | 0.011868581 |
|    clip_fraction        | 0.119       |
|    clip_range           | 0.2         |
|    entropy_loss         | -36.8       |
|    explained_variance   | -0.104      |
|    learning_rate        | 5e-05       |
|    loss                 | 0.0027      |
|    n_updates            | 30          |
|    policy_gradient_loss | -0.0153     |
|    std                  | 0.997       |
|    value_loss           | 0.0701      |
-----------------------------------------
Update penalty
-----------------------------------------
| rollout/                |             |
|    ep_len_mean          | 800         |
|    ep_rew_mean          | -96         |
| time/                   |             |
|    fps                  | 491         |
|    iterations           | 5           |
|    time_elapsed         | 406         |
|    total_timesteps      | 200000      |
| train/                  |             |
|    approx_kl            | 0.012170673 |
|    clip_fraction        | 0.124       |
|    clip_range           | 0.2         |
|    entropy_loss         | -36.8       |
|    explained_variance   | 0.0345      |
|    learning_rate        | 5e-05       |
|    loss                 | -0.00838    |
|    n_updates            | 40          |
|    policy_gradient_loss | -0.0173     |
|    std                  | 0.994       |
|    value_loss           | 0.0584      |
-----------------------------------------
Update penalty
-----------------------------------------
| rollout/                |             |
|    ep_len_mean          | 800         |
|    ep_rew_mean          | -95.6       |
| time/                   |             |
|    fps                  | 494         |
|    iterations           | 6           |
|    time_elapsed         | 485         |
|    total_timesteps      | 240000      |
| train/                  |             |
|    approx_kl            | 0.012312928 |
|    clip_fraction        | 0.127       |
|    clip_range           | 0.2         |
|    entropy_loss         | -36.7       |
|    explained_variance   | 0.159       |
|    learning_rate        | 5e-05       |
|    loss                 | -0.00561    |
|    n_updates            | 50          |
|    policy_gradient_loss | -0.0172     |
|    std                  | 0.994       |
|    value_loss           | 0.0516      |
-----------------------------------------
Update penalty
-----------------------------------------
| rollout/                |             |
|    ep_len_mean          | 800         |
|    ep_rew_mean          | -95.1       |
| time/                   |             |
|    fps                  | 497         |
|    iterations           | 7           |
|    time_elapsed         | 562         |
|    total_timesteps      | 280000      |
| train/                  |             |
|    approx_kl            | 0.012412876 |
|    clip_fraction        | 0.129       |
|    clip_range           | 0.2         |
|    entropy_loss         | -36.7       |
|    explained_variance   | 0.205       |
|    learning_rate        | 5e-05       |
|    loss                 | -0.0071     |
|    n_updates            | 60          |
|    policy_gradient_loss | -0.0183     |
|    std                  | 0.994       |
|    value_loss           | 0.0475      |
-----------------------------------------
Update penalty
-----------------------------------------
| rollout/                |             |
|    ep_len_mean          | 800         |
|    ep_rew_mean          | -94.9       |
| time/                   |             |
|    fps                  | 497         |
|    iterations           | 8           |
|    time_elapsed         | 643         |
|    total_timesteps      | 320000      |
| train/                  |             |
|    approx_kl            | 0.011912309 |
|    clip_fraction        | 0.129       |
|    clip_range           | 0.2         |
|    entropy_loss         | -36.7       |
|    explained_variance   | 0.237       |
|    learning_rate        | 5e-05       |
|    loss                 | -0.000991   |
|    n_updates            | 70          |
|    policy_gradient_loss | -0.0184     |
|    std                  | 0.993       |
|    value_loss           | 0.0436      |
-----------------------------------------
Update penalty
-----------------------------------------
| rollout/                |             |
|    ep_len_mean          | 800         |
|    ep_rew_mean          | -94         |
| time/                   |             |
|    fps                  | 496         |
|    iterations           | 9           |
|    time_elapsed         | 724         |
|    total_timesteps      | 360000      |
| train/                  |             |
|    approx_kl            | 0.011797307 |
|    clip_fraction        | 0.133       |
|    clip_range           | 0.2         |
|    entropy_loss         | -36.7       |
|    explained_variance   | 0.239       |
|    learning_rate        | 5e-05       |
|    loss                 | -0.00472    |
|    n_updates            | 80          |
|    policy_gradient_loss | -0.0185     |
|    std                  | 0.992       |
|    value_loss           | 0.041       |
-----------------------------------------
Update penalty
-----------------------------------------
| rollout/                |             |
|    ep_len_mean          | 800         |
|    ep_rew_mean          | -93.4       |
| time/                   |             |
|    fps                  | 496         |
|    iterations           | 10          |
|    time_elapsed         | 804         |
|    total_timesteps      | 400000      |
| train/                  |             |
|    approx_kl            | 0.011526677 |
|    clip_fraction        | 0.136       |
|    clip_range           | 0.2         |
|    entropy_loss         | -36.7       |
|    explained_variance   | 0.223       |
|    learning_rate        | 5e-05       |
|    loss                 | -0.00228    |
|    n_updates            | 90          |
|    policy_gradient_loss | -0.0184     |
|    std                  | 0.991       |
|    value_loss           | 0.0441      |
-----------------------------------------
Update penalty
---------------------------------------
| rollout/                |           |
|    ep_len_mean          | 800       |
|    ep_rew_mean          | -93.4     |
| time/                   |           |
|    fps                  | 495       |
|    iterations           | 11        |
|    time_elapsed         | 888       |
|    total_timesteps      | 440000    |
| train/                  |           |
|    approx_kl            | 0.0123629 |
|    clip_fraction        | 0.143     |
|    clip_range           | 0.2       |
|    entropy_loss         | -36.6     |
|    explained_variance   | 0.293     |
|    learning_rate        | 5e-05     |
|    loss                 | -0.0112   |
|    n_updates            | 100       |
|    policy_gradient_loss | -0.02     |
|    std                  | 0.99      |
|    value_loss           | 0.0443    |
---------------------------------------
Update penalty
-----------------------------------------
| rollout/                |             |
|    ep_len_mean          | 800         |
|    ep_rew_mean          | -93.3       |
| time/                   |             |
|    fps                  | 495         |
|    iterations           | 12          |
|    time_elapsed         | 967         |
|    total_timesteps      | 480000      |
| train/                  |             |
|    approx_kl            | 0.012759233 |
|    clip_fraction        | 0.146       |
|    clip_range           | 0.2         |
|    entropy_loss         | -36.6       |
|    explained_variance   | 0.321       |
|    learning_rate        | 5e-05       |
|    loss                 | -0.0117     |
|    n_updates            | 110         |
|    policy_gradient_loss | -0.0201     |
|    std                  | 0.989       |
|    value_loss           | 0.0449      |
-----------------------------------------
Update penalty
-----------------------------------------
| rollout/                |             |
|    ep_len_mean          | 800         |
|    ep_rew_mean          | -92.8       |
| time/                   |             |
|    fps                  | 495         |
|    iterations           | 13          |
|    time_elapsed         | 1050        |
|    total_timesteps      | 520000      |
| train/                  |             |
|    approx_kl            | 0.012594299 |
|    clip_fraction        | 0.143       |
|    clip_range           | 0.2         |
|    entropy_loss         | -36.6       |
|    explained_variance   | 0.31        |
|    learning_rate        | 5e-05       |
|    loss                 | -0.0135     |
|    n_updates            | 120         |
|    policy_gradient_loss | -0.0193     |
|    std                  | 0.988       |
|    value_loss           | 0.0432      |
-----------------------------------------
Update penalty
-----------------------------------------
| rollout/                |             |
|    ep_len_mean          | 800         |
|    ep_rew_mean          | -92.4       |
| time/                   |             |
|    fps                  | 495         |
|    iterations           | 14          |
|    time_elapsed         | 1130        |
|    total_timesteps      | 560000      |
| train/                  |             |
|    approx_kl            | 0.013481167 |
|    clip_fraction        | 0.15        |
|    clip_range           | 0.2         |
|    entropy_loss         | -36.6       |
|    explained_variance   | 0.294       |
|    learning_rate        | 5e-05       |
|    loss                 | -0.00622    |
|    n_updates            | 130         |
|    policy_gradient_loss | -0.0197     |
|    std                  | 0.987       |
|    value_loss           | 0.0653      |
-----------------------------------------
Update penalty
-----------------------------------------
| rollout/                |             |
|    ep_len_mean          | 799         |
|    ep_rew_mean          | -91.8       |
| time/                   |             |
|    fps                  | 494         |
|    iterations           | 15          |
|    time_elapsed         | 1214        |
|    total_timesteps      | 600000      |
| train/                  |             |
|    approx_kl            | 0.013711438 |
|    clip_fraction        | 0.16        |
|    clip_range           | 0.2         |
|    entropy_loss         | -36.5       |
|    explained_variance   | 0.4         |
|    learning_rate        | 5e-05       |
|    loss                 | -0.00727    |
|    n_updates            | 140         |
|    policy_gradient_loss | -0.0211     |
|    std                  | 0.987       |
|    value_loss           | 0.0466      |
-----------------------------------------
Update penalty
-----------------------------------------
| rollout/                |             |
|    ep_len_mean          | 798         |
|    ep_rew_mean          | -90.9       |
| time/                   |             |
|    fps                  | 493         |
|    iterations           | 16          |
|    time_elapsed         | 1297        |
|    total_timesteps      | 640000      |
| train/                  |             |
|    approx_kl            | 0.013425456 |
|    clip_fraction        | 0.15        |
|    clip_range           | 0.2         |
|    entropy_loss         | -36.5       |
|    explained_variance   | 0.284       |
|    learning_rate        | 5e-05       |
|    loss                 | -0.00917    |
|    n_updates            | 150         |
|    policy_gradient_loss | -0.0186     |
|    std                  | 0.986       |
|    value_loss           | 0.0808      |
-----------------------------------------
Update penalty
-----------------------------------------
| rollout/                |             |
|    ep_len_mean          | 798         |
|    ep_rew_mean          | -90.8       |
| time/                   |             |
|    fps                  | 492         |
|    iterations           | 17          |
|    time_elapsed         | 1379        |
|    total_timesteps      | 680000      |
| train/                  |             |
|    approx_kl            | 0.013279995 |
|    clip_fraction        | 0.157       |
|    clip_range           | 0.2         |
|    entropy_loss         | -36.5       |
|    explained_variance   | 0.349       |
|    learning_rate        | 5e-05       |
|    loss                 | 7.85e-05    |
|    n_updates            | 160         |
|    policy_gradient_loss | -0.0187     |
|    std                  | 0.984       |
|    value_loss           | 0.0836      |
-----------------------------------------
Update penalty
-----------------------------------------
| rollout/                |             |
|    ep_len_mean          | 799         |
|    ep_rew_mean          | -90.2       |
| time/                   |             |
|    fps                  | 490         |
|    iterations           | 18          |
|    time_elapsed         | 1468        |
|    total_timesteps      | 720000      |
| train/                  |             |
|    approx_kl            | 0.013734427 |
|    clip_fraction        | 0.163       |
|    clip_range           | 0.2         |
|    entropy_loss         | -36.5       |
|    explained_variance   | 0.392       |
|    learning_rate        | 5e-05       |
|    loss                 | 0.00813     |
|    n_updates            | 170         |
|    policy_gradient_loss | -0.0205     |
|    std                  | 0.983       |
|    value_loss           | 0.0723      |
-----------------------------------------
Update penalty
-----------------------------------------
| rollout/                |             |
|    ep_len_mean          | 798         |
|    ep_rew_mean          | -89.7       |
| time/                   |             |
|    fps                  | 488         |
|    iterations           | 19          |
|    time_elapsed         | 1556        |
|    total_timesteps      | 760000      |
| train/                  |             |
|    approx_kl            | 0.016585525 |
|    clip_fraction        | 0.162       |
|    clip_range           | 0.2         |
|    entropy_loss         | -36.4       |
|    explained_variance   | 0.311       |
|    learning_rate        | 5e-05       |
|    loss                 | 0.00265     |
|    n_updates            | 180         |
|    policy_gradient_loss | -0.0176     |
|    std                  | 0.981       |
|    value_loss           | 0.108       |
-----------------------------------------
Update penalty
-----------------------------------------
| rollout/                |             |
|    ep_len_mean          | 798         |
|    ep_rew_mean          | -89.3       |
| time/                   |             |
|    fps                  | 487         |
|    iterations           | 20          |
|    time_elapsed         | 1641        |
|    total_timesteps      | 800000      |
| train/                  |             |
|    approx_kl            | 0.014144173 |
|    clip_fraction        | 0.167       |
|    clip_range           | 0.2         |
|    entropy_loss         | -36.4       |
|    explained_variance   | 0.359       |
|    learning_rate        | 5e-05       |
|    loss                 | 0.0187      |
|    n_updates            | 190         |
|    policy_gradient_loss | -0.0187     |
|    std                  | 0.979       |
|    value_loss           | 0.102       |
-----------------------------------------
Update penalty
-----------------------------------------
| rollout/                |             |
|    ep_len_mean          | 798         |
|    ep_rew_mean          | -89.3       |
| time/                   |             |
|    fps                  | 486         |
|    iterations           | 21          |
|    time_elapsed         | 1728        |
|    total_timesteps      | 840000      |
| train/                  |             |
|    approx_kl            | 0.013126734 |
|    clip_fraction        | 0.16        |
|    clip_range           | 0.2         |
|    entropy_loss         | -36.3       |
|    explained_variance   | 0.357       |
|    learning_rate        | 5e-05       |
|    loss                 | 0.0333      |
|    n_updates            | 200         |
|    policy_gradient_loss | -0.0179     |
|    std                  | 0.978       |
|    value_loss           | 0.0936      |
-----------------------------------------
Update penalty
-----------------------------------------
| rollout/                |             |
|    ep_len_mean          | 797         |
|    ep_rew_mean          | -89.2       |
| time/                   |             |
|    fps                  | 486         |
|    iterations           | 22          |
|    time_elapsed         | 1809        |
|    total_timesteps      | 880000      |
| train/                  |             |
|    approx_kl            | 0.013745042 |
|    clip_fraction        | 0.171       |
|    clip_range           | 0.2         |
|    entropy_loss         | -36.3       |
|    explained_variance   | 0.436       |
|    learning_rate        | 5e-05       |
|    loss                 | -0.0121     |
|    n_updates            | 210         |
|    policy_gradient_loss | -0.02       |
|    std                  | 0.977       |
|    value_loss           | 0.0772      |
-----------------------------------------
Update penalty
-----------------------------------------
| rollout/                |             |
|    ep_len_mean          | 797         |
|    ep_rew_mean          | -89         |
| time/                   |             |
|    fps                  | 486         |
|    iterations           | 23          |
|    time_elapsed         | 1890        |
|    total_timesteps      | 920000      |
| train/                  |             |
|    approx_kl            | 0.014501439 |
|    clip_fraction        | 0.17        |
|    clip_range           | 0.2         |
|    entropy_loss         | -36.3       |
|    explained_variance   | 0.324       |
|    learning_rate        | 5e-05       |
|    loss                 | 0.106       |
|    n_updates            | 220         |
|    policy_gradient_loss | -0.0176     |
|    std                  | 0.976       |
|    value_loss           | 0.134       |
-----------------------------------------
Update penalty
-----------------------------------------
| rollout/                |             |
|    ep_len_mean          | 798         |
|    ep_rew_mean          | -88.4       |
| time/                   |             |
|    fps                  | 485         |
|    iterations           | 24          |
|    time_elapsed         | 1978        |
|    total_timesteps      | 960000      |
| train/                  |             |
|    approx_kl            | 0.014418231 |
|    clip_fraction        | 0.167       |
|    clip_range           | 0.2         |
|    entropy_loss         | -36.2       |
|    explained_variance   | 0.387       |
|    learning_rate        | 5e-05       |
|    loss                 | 0.015       |
|    n_updates            | 230         |
|    policy_gradient_loss | -0.0184     |
|    std                  | 0.974       |
|    value_loss           | 0.107       |
-----------------------------------------
Update penalty
-----------------------------------------
| rollout/                |             |
|    ep_len_mean          | 796         |
|    ep_rew_mean          | -87.7       |
| time/                   |             |
|    fps                  | 484         |
|    iterations           | 25          |
|    time_elapsed         | 2062        |
|    total_timesteps      | 1000000     |
| train/                  |             |
|    approx_kl            | 0.013920653 |
|    clip_fraction        | 0.169       |
|    clip_range           | 0.2         |
|    entropy_loss         | -36.2       |
|    explained_variance   | 0.381       |
|    learning_rate        | 5e-05       |
|    loss                 | 0.0839      |
|    n_updates            | 240         |
|    policy_gradient_loss | -0.0181     |
|    std                  | 0.973       |
|    value_loss           | 0.131       |
-----------------------------------------
Update penalty
-----------------------------------------
| rollout/                |             |
|    ep_len_mean          | 796         |
|    ep_rew_mean          | -87.7       |
| time/                   |             |
|    fps                  | 484         |
|    iterations           | 26          |
|    time_elapsed         | 2145        |
|    total_timesteps      | 1040000     |
| train/                  |             |
|    approx_kl            | 0.015614143 |
|    clip_fraction        | 0.171       |
|    clip_range           | 0.2         |
|    entropy_loss         | -36.2       |
|    explained_variance   | 0.393       |
|    learning_rate        | 5e-05       |
|    loss                 | 0.00721     |
|    n_updates            | 250         |
|    policy_gradient_loss | -0.0189     |
|    std                  | 0.972       |
|    value_loss           | 0.144       |
-----------------------------------------
Update penalty
-----------------------------------------
| rollout/                |             |
|    ep_len_mean          | 797         |
|    ep_rew_mean          | -88.1       |
| time/                   |             |
|    fps                  | 484         |
|    iterations           | 27          |
|    time_elapsed         | 2230        |
|    total_timesteps      | 1080000     |
| train/                  |             |
|    approx_kl            | 0.014167309 |
|    clip_fraction        | 0.182       |
|    clip_range           | 0.2         |
|    entropy_loss         | -36.1       |
|    explained_variance   | 0.389       |
|    learning_rate        | 5e-05       |
|    loss                 | 0.0466      |
|    n_updates            | 260         |
|    policy_gradient_loss | -0.0186     |
|    std                  | 0.971       |
|    value_loss           | 0.16        |
-----------------------------------------
Update penalty
----------------------------------------
| rollout/                |            |
|    ep_len_mean          | 798        |
|    ep_rew_mean          | -88.1      |
| time/                   |            |
|    fps                  | 484        |
|    iterations           | 28         |
|    time_elapsed         | 2311       |
|    total_timesteps      | 1120000    |
| train/                  |            |
|    approx_kl            | 0.01524719 |
|    clip_fraction        | 0.18       |
|    clip_range           | 0.2        |
|    entropy_loss         | -36.1      |
|    explained_variance   | 0.39       |
|    learning_rate        | 5e-05      |
|    loss                 | 0.00742    |
|    n_updates            | 270        |
|    policy_gradient_loss | -0.0178    |
|    std                  | 0.97       |
|    value_loss           | 0.141      |
----------------------------------------
Update penalty
-----------------------------------------
| rollout/                |             |
|    ep_len_mean          | 796         |
|    ep_rew_mean          | -87.9       |
| time/                   |             |
|    fps                  | 486         |
|    iterations           | 29          |
|    time_elapsed         | 2386        |
|    total_timesteps      | 1160000     |
| train/                  |             |
|    approx_kl            | 0.015662255 |
|    clip_fraction        | 0.189       |
|    clip_range           | 0.2         |
|    entropy_loss         | -36.1       |
|    explained_variance   | 0.426       |
|    learning_rate        | 5e-05       |
|    loss                 | -0.00787    |
|    n_updates            | 280         |
|    policy_gradient_loss | -0.0193     |
|    std                  | 0.968       |
|    value_loss           | 0.118       |
-----------------------------------------
Update penalty
-----------------------------------------
| rollout/                |             |
|    ep_len_mean          | 796         |
|    ep_rew_mean          | -87.5       |
| time/                   |             |
|    fps                  | 486         |
|    iterations           | 30          |
|    time_elapsed         | 2466        |
|    total_timesteps      | 1200000     |
| train/                  |             |
|    approx_kl            | 0.015058103 |
|    clip_fraction        | 0.177       |
|    clip_range           | 0.2         |
|    entropy_loss         | -36         |
|    explained_variance   | 0.372       |
|    learning_rate        | 5e-05       |
|    loss                 | 0.0184      |
|    n_updates            | 290         |
|    policy_gradient_loss | -0.0181     |
|    std                  | 0.967       |
|    value_loss           | 0.147       |
-----------------------------------------
Update penalty
----------------------------------------
| rollout/                |            |
|    ep_len_mean          | 795        |
|    ep_rew_mean          | -86.3      |
| time/                   |            |
|    fps                  | 486        |
|    iterations           | 31         |
|    time_elapsed         | 2548       |
|    total_timesteps      | 1240000    |
| train/                  |            |
|    approx_kl            | 0.01589856 |
|    clip_fraction        | 0.184      |
|    clip_range           | 0.2        |
|    entropy_loss         | -36        |
|    explained_variance   | 0.414      |
|    learning_rate        | 5e-05      |
|    loss                 | 0.0053     |
|    n_updates            | 300        |
|    policy_gradient_loss | -0.0188    |
|    std                  | 0.966      |
|    value_loss           | 0.154      |
----------------------------------------
Update penalty
-----------------------------------------
| rollout/                |             |
|    ep_len_mean          | 796         |
|    ep_rew_mean          | -86.1       |
| time/                   |             |
|    fps                  | 487         |
|    iterations           | 32          |
|    time_elapsed         | 2625        |
|    total_timesteps      | 1280000     |
| train/                  |             |
|    approx_kl            | 0.018406123 |
|    clip_fraction        | 0.183       |
|    clip_range           | 0.2         |
|    entropy_loss         | -36         |
|    explained_variance   | 0.406       |
|    learning_rate        | 5e-05       |
|    loss                 | 0.065       |
|    n_updates            | 310         |
|    policy_gradient_loss | -0.0177     |
|    std                  | 0.966       |
|    value_loss           | 0.188       |
-----------------------------------------
Update penalty
-----------------------------------------
| rollout/                |             |
|    ep_len_mean          | 795         |
|    ep_rew_mean          | -86         |
| time/                   |             |
|    fps                  | 487         |
|    iterations           | 33          |
|    time_elapsed         | 2708        |
|    total_timesteps      | 1320000     |
| train/                  |             |
|    approx_kl            | 0.014737723 |
|    clip_fraction        | 0.183       |
|    clip_range           | 0.2         |
|    entropy_loss         | -36         |
|    explained_variance   | 0.477       |
|    learning_rate        | 5e-05       |
|    loss                 | 0.0403      |
|    n_updates            | 320         |
|    policy_gradient_loss | -0.0186     |
|    std                  | 0.965       |
|    value_loss           | 0.138       |
-----------------------------------------
Update penalty
----------------------------------------
| rollout/                |            |
|    ep_len_mean          | 794        |
|    ep_rew_mean          | -85.4      |
| time/                   |            |
|    fps                  | 486        |
|    iterations           | 34         |
|    time_elapsed         | 2792       |
|    total_timesteps      | 1360000    |
| train/                  |            |
|    approx_kl            | 0.01839133 |
|    clip_fraction        | 0.186      |
|    clip_range           | 0.2        |
|    entropy_loss         | -35.9      |
|    explained_variance   | 0.384      |
|    learning_rate        | 5e-05      |
|    loss                 | 0.0977     |
|    n_updates            | 330        |
|    policy_gradient_loss | -0.0177    |
|    std                  | 0.964      |
|    value_loss           | 0.23       |
----------------------------------------
Update penalty
-----------------------------------------
| rollout/                |             |
|    ep_len_mean          | 794         |
|    ep_rew_mean          | -85.5       |
| time/                   |             |
|    fps                  | 487         |
|    iterations           | 35          |
|    time_elapsed         | 2868        |
|    total_timesteps      | 1400000     |
| train/                  |             |
|    approx_kl            | 0.015745085 |
|    clip_fraction        | 0.189       |
|    clip_range           | 0.2         |
|    entropy_loss         | -35.9       |
|    explained_variance   | 0.39        |
|    learning_rate        | 5e-05       |
|    loss                 | 0.0726      |
|    n_updates            | 340         |
|    policy_gradient_loss | -0.0181     |
|    std                  | 0.963       |
|    value_loss           | 0.182       |
-----------------------------------------
Update penalty
-----------------------------------------
| rollout/                |             |
|    ep_len_mean          | 794         |
|    ep_rew_mean          | -85.7       |
| time/                   |             |
|    fps                  | 487         |
|    iterations           | 36          |
|    time_elapsed         | 2951        |
|    total_timesteps      | 1440000     |
| train/                  |             |
|    approx_kl            | 0.015311164 |
|    clip_fraction        | 0.188       |
|    clip_range           | 0.2         |
|    entropy_loss         | -35.9       |
|    explained_variance   | 0.335       |
|    learning_rate        | 5e-05       |
|    loss                 | 0.0492      |
|    n_updates            | 350         |
|    policy_gradient_loss | -0.0167     |
|    std                  | 0.962       |
|    value_loss           | 0.241       |
-----------------------------------------
Update penalty
-----------------------------------------
| rollout/                |             |
|    ep_len_mean          | 796         |
|    ep_rew_mean          | -86.3       |
| time/                   |             |
|    fps                  | 487         |
|    iterations           | 37          |
|    time_elapsed         | 3034        |
|    total_timesteps      | 1480000     |
| train/                  |             |
|    approx_kl            | 0.015429812 |
|    clip_fraction        | 0.185       |
|    clip_range           | 0.2         |
|    entropy_loss         | -35.9       |
|    explained_variance   | 0.439       |
|    learning_rate        | 5e-05       |
|    loss                 | 0.0283      |
|    n_updates            | 360         |
|    policy_gradient_loss | -0.0188     |
|    std                  | 0.961       |
|    value_loss           | 0.146       |
-----------------------------------------
Update penalty
-----------------------------------------
| rollout/                |             |
|    ep_len_mean          | 793         |
|    ep_rew_mean          | -85.7       |
| time/                   |             |
|    fps                  | 487         |
|    iterations           | 38          |
|    time_elapsed         | 3114        |
|    total_timesteps      | 1520000     |
| train/                  |             |
|    approx_kl            | 0.015227726 |
|    clip_fraction        | 0.193       |
|    clip_range           | 0.2         |
|    entropy_loss         | -35.8       |
|    explained_variance   | 0.462       |
|    learning_rate        | 5e-05       |
|    loss                 | 0.0504      |
|    n_updates            | 370         |
|    policy_gradient_loss | -0.0191     |
|    std                  | 0.959       |
|    value_loss           | 0.153       |
-----------------------------------------
Update penalty
-----------------------------------------
| rollout/                |             |
|    ep_len_mean          | 792         |
|    ep_rew_mean          | -84.9       |
| time/                   |             |
|    fps                  | 488         |
|    iterations           | 39          |
|    time_elapsed         | 3191        |
|    total_timesteps      | 1560000     |
| train/                  |             |
|    approx_kl            | 0.018081632 |
|    clip_fraction        | 0.189       |
|    clip_range           | 0.2         |
|    entropy_loss         | -35.8       |
|    explained_variance   | 0.392       |
|    learning_rate        | 5e-05       |
|    loss                 | 0.0696      |
|    n_updates            | 380         |
|    policy_gradient_loss | -0.0172     |
|    std                  | 0.958       |
|    value_loss           | 0.24        |
-----------------------------------------
Update penalty
-----------------------------------------
| rollout/                |             |
|    ep_len_mean          | 790         |
|    ep_rew_mean          | -83.7       |
| time/                   |             |
|    fps                  | 488         |
|    iterations           | 40          |
|    time_elapsed         | 3273        |
|    total_timesteps      | 1600000     |
| train/                  |             |
|    approx_kl            | 0.017043551 |
|    clip_fraction        | 0.191       |
|    clip_range           | 0.2         |
|    entropy_loss         | -35.7       |
|    explained_variance   | 0.398       |
|    learning_rate        | 5e-05       |
|    loss                 | 0.0526      |
|    n_updates            | 390         |
|    policy_gradient_loss | -0.0181     |
|    std                  | 0.957       |
|    value_loss           | 0.227       |
-----------------------------------------
Update penalty
---------------------------------------
| rollout/                |           |
|    ep_len_mean          | 790       |
|    ep_rew_mean          | -83.8     |
| time/                   |           |
|    fps                  | 488       |
|    iterations           | 41        |
|    time_elapsed         | 3360      |
|    total_timesteps      | 1640000   |
| train/                  |           |
|    approx_kl            | 0.0166188 |
|    clip_fraction        | 0.194     |
|    clip_range           | 0.2       |
|    entropy_loss         | -35.7     |
|    explained_variance   | 0.406     |
|    learning_rate        | 5e-05     |
|    loss                 | 0.0798    |
|    n_updates            | 400       |
|    policy_gradient_loss | -0.0183   |
|    std                  | 0.956     |
|    value_loss           | 0.28      |
---------------------------------------
Update penalty
-----------------------------------------
| rollout/                |             |
|    ep_len_mean          | 792         |
|    ep_rew_mean          | -84.3       |
| time/                   |             |
|    fps                  | 487         |
|    iterations           | 42          |
|    time_elapsed         | 3442        |
|    total_timesteps      | 1680000     |
| train/                  |             |
|    approx_kl            | 0.014404111 |
|    clip_fraction        | 0.187       |
|    clip_range           | 0.2         |
|    entropy_loss         | -35.7       |
|    explained_variance   | 0.439       |
|    learning_rate        | 5e-05       |
|    loss                 | 0.0264      |
|    n_updates            | 410         |
|    policy_gradient_loss | -0.0191     |
|    std                  | 0.955       |
|    value_loss           | 0.202       |
-----------------------------------------
Update penalty
-----------------------------------------
| rollout/                |             |
|    ep_len_mean          | 791         |
|    ep_rew_mean          | -83.2       |
| time/                   |             |
|    fps                  | 488         |
|    iterations           | 43          |
|    time_elapsed         | 3522        |
|    total_timesteps      | 1720000     |
| train/                  |             |
|    approx_kl            | 0.016461596 |
|    clip_fraction        | 0.194       |
|    clip_range           | 0.2         |
|    entropy_loss         | -35.7       |
|    explained_variance   | 0.447       |
|    learning_rate        | 5e-05       |
|    loss                 | 0.11        |
|    n_updates            | 420         |
|    policy_gradient_loss | -0.019      |
|    std                  | 0.954       |
|    value_loss           | 0.275       |
-----------------------------------------
Update penalty
-----------------------------------------
| rollout/                |             |
|    ep_len_mean          | 794         |
|    ep_rew_mean          | -84.3       |
| time/                   |             |
|    fps                  | 488         |
|    iterations           | 44          |
|    time_elapsed         | 3603        |
|    total_timesteps      | 1760000     |
| train/                  |             |
|    approx_kl            | 0.015584131 |
|    clip_fraction        | 0.184       |
|    clip_range           | 0.2         |
|    entropy_loss         | -35.7       |
|    explained_variance   | 0.466       |
|    learning_rate        | 5e-05       |
|    loss                 | 0.0631      |
|    n_updates            | 430         |
|    policy_gradient_loss | -0.0178     |
|    std                  | 0.953       |
|    value_loss           | 0.226       |
-----------------------------------------
Update penalty
----------------------------------------
| rollout/                |            |
|    ep_len_mean          | 793        |
|    ep_rew_mean          | -84.5      |
| time/                   |            |
|    fps                  | 488        |
|    iterations           | 45         |
|    time_elapsed         | 3685       |
|    total_timesteps      | 1800000    |
| train/                  |            |
|    approx_kl            | 0.01506229 |
|    clip_fraction        | 0.187      |
|    clip_range           | 0.2        |
|    entropy_loss         | -35.6      |
|    explained_variance   | 0.471      |
|    learning_rate        | 5e-05      |
|    loss                 | 0.0576     |
|    n_updates            | 440        |
|    policy_gradient_loss | -0.0188    |
|    std                  | 0.953      |
|    value_loss           | 0.193      |
----------------------------------------
Update penalty
---------------------------------------
| rollout/                |           |
|    ep_len_mean          | 791       |
|    ep_rew_mean          | -83.5     |
| time/                   |           |
|    fps                  | 487       |
|    iterations           | 46        |
|    time_elapsed         | 3772      |
|    total_timesteps      | 1840000   |
| train/                  |           |
|    approx_kl            | 0.0192605 |
|    clip_fraction        | 0.188     |
|    clip_range           | 0.2       |
|    entropy_loss         | -35.6     |
|    explained_variance   | 0.414     |
|    learning_rate        | 5e-05     |
|    loss                 | 0.0791    |
|    n_updates            | 450       |
|    policy_gradient_loss | -0.0182   |
|    std                  | 0.952     |
|    value_loss           | 0.21      |
---------------------------------------
Update penalty
-----------------------------------------
| rollout/                |             |
|    ep_len_mean          | 790         |
|    ep_rew_mean          | -83.2       |
| time/                   |             |
|    fps                  | 487         |
|    iterations           | 47          |
|    time_elapsed         | 3856        |
|    total_timesteps      | 1880000     |
| train/                  |             |
|    approx_kl            | 0.015677786 |
|    clip_fraction        | 0.188       |
|    clip_range           | 0.2         |
|    entropy_loss         | -35.6       |
|    explained_variance   | 0.435       |
|    learning_rate        | 5e-05       |
|    loss                 | 0.153       |
|    n_updates            | 460         |
|    policy_gradient_loss | -0.0186     |
|    std                  | 0.951       |
|    value_loss           | 0.307       |
-----------------------------------------
Update penalty
-----------------------------------------
| rollout/                |             |
|    ep_len_mean          | 790         |
|    ep_rew_mean          | -82.9       |
| time/                   |             |
|    fps                  | 488         |
|    iterations           | 48          |
|    time_elapsed         | 3930        |
|    total_timesteps      | 1920000     |
| train/                  |             |
|    approx_kl            | 0.016880106 |
|    clip_fraction        | 0.194       |
|    clip_range           | 0.2         |
|    entropy_loss         | -35.6       |
|    explained_variance   | 0.462       |
|    learning_rate        | 5e-05       |
|    loss                 | 0.0793      |
|    n_updates            | 470         |
|    policy_gradient_loss | -0.019      |
|    std                  | 0.95        |
|    value_loss           | 0.264       |
-----------------------------------------
Update penalty
-----------------------------------------
| rollout/                |             |
|    ep_len_mean          | 792         |
|    ep_rew_mean          | -82.8       |
| time/                   |             |
|    fps                  | 487         |
|    iterations           | 49          |
|    time_elapsed         | 4019        |
|    total_timesteps      | 1960000     |
| train/                  |             |
|    approx_kl            | 0.015909776 |
|    clip_fraction        | 0.202       |
|    clip_range           | 0.2         |
|    entropy_loss         | -35.5       |
|    explained_variance   | 0.431       |
|    learning_rate        | 5e-05       |
|    loss                 | 0.0606      |
|    n_updates            | 480         |
|    policy_gradient_loss | -0.0189     |
|    std                  | 0.948       |
|    value_loss           | 0.276       |
-----------------------------------------
Update penalty
-----------------------------------------
| rollout/                |             |
|    ep_len_mean          | 793         |
|    ep_rew_mean          | -83.7       |
| time/                   |             |
|    fps                  | 487         |
|    iterations           | 50          |
|    time_elapsed         | 4098        |
|    total_timesteps      | 2000000     |
| train/                  |             |
|    approx_kl            | 0.016879005 |
|    clip_fraction        | 0.201       |
|    clip_range           | 0.2         |
|    entropy_loss         | -35.5       |
|    explained_variance   | 0.496       |
|    learning_rate        | 5e-05       |
|    loss                 | 0.0851      |
|    n_updates            | 490         |
|    policy_gradient_loss | -0.0192     |
|    std                  | 0.947       |
|    value_loss           | 0.241       |
-----------------------------------------
Update penalty
-----------------------------------------
| rollout/                |             |
|    ep_len_mean          | 791         |
|    ep_rew_mean          | -83.1       |
| time/                   |             |
|    fps                  | 488         |
|    iterations           | 51          |
|    time_elapsed         | 4179        |
|    total_timesteps      | 2040000     |
| train/                  |             |
|    approx_kl            | 0.017034067 |
|    clip_fraction        | 0.2         |
|    clip_range           | 0.2         |
|    entropy_loss         | -35.4       |
|    explained_variance   | 0.491       |
|    learning_rate        | 5e-05       |
|    loss                 | 0.0637      |
|    n_updates            | 500         |
|    policy_gradient_loss | -0.0192     |
|    std                  | 0.946       |
|    value_loss           | 0.238       |
-----------------------------------------
Update penalty
-----------------------------------------
| rollout/                |             |
|    ep_len_mean          | 789         |
|    ep_rew_mean          | -82.4       |
| time/                   |             |
|    fps                  | 487         |
|    iterations           | 52          |
|    time_elapsed         | 4263        |
|    total_timesteps      | 2080000     |
| train/                  |             |
|    approx_kl            | 0.015040673 |
|    clip_fraction        | 0.185       |
|    clip_range           | 0.2         |
|    entropy_loss         | -35.4       |
|    explained_variance   | 0.461       |
|    learning_rate        | 5e-05       |
|    loss                 | 0.107       |
|    n_updates            | 510         |
|    policy_gradient_loss | -0.0178     |
|    std                  | 0.945       |
|    value_loss           | 0.271       |
-----------------------------------------
Exception in thread Thread-3:
Traceback (most recent call last):
  File "/home/sc.uni-leipzig.de/tk51maga/projects/uitb/RL_2025_UITB_REG/uitb/train/trainer.py", line 161, in <module>
    rl_model.learn(WandbCallback(verbose=2),
  File "/home/sc.uni-leipzig.de/tk51maga/projects/uitb/RL_2025_UITB_REG/simulators/reg_mobl_arms_index_pointing_negative_five_l_one/reg_mobl_arms_index_pointing_negative_five_l_one/rl/sb3/PPO.py", line 143, in learn
  File "/home/sc.uni-leipzig.de/tk51maga/projects/uitb/RL_2025_UITB_REG/simulators/reg_mobl_arms_index_pointing_negative_five_l_one/reg_mobl_arms_index_pointing_negative_five_l_one/rl/sb3/PPO.py", line 202, in learn
  File "/home/sc.uni-leipzig.de/tk51maga/.local/lib/python3.11/site-packages/stable_baselines3/common/logger.py", line 538, in dump
    _format.write(self.name_to_value, self.name_to_excluded, step)
  File "/home/sc.uni-leipzig.de/tk51maga/.local/lib/python3.11/site-packages/stable_baselines3/common/logger.py", line 413, in write
    self.writer.add_scalar(key, value, step)
  File "/home/sc.uni-leipzig.de/tk51maga/.local/lib/python3.11/site-packages/torch/utils/tensorboard/writer.py", line 381, in add_scalar
    self._get_file_writer().add_summary(summary, global_step, walltime)
  File "/home/sc.uni-leipzig.de/tk51maga/.local/lib/python3.11/site-packages/torch/utils/tensorboard/writer.py", line 115, in add_summary
    self.add_event(event, global_step, walltime)
  File "/home/sc.uni-leipzig.de/tk51maga/.local/lib/python3.11/site-packages/torch/utils/tensorboard/writer.py", line 99, in add_event
    self.event_writer.add_event(event)
  File "/home/sc.uni-leipzig.de/tk51maga/.local/lib/python3.11/site-packages/tensorboard/summary/writer/event_file_writer.py", line 117, in add_event
    self._async_writer.write(event.SerializeToString())
  File "/home/sc.uni-leipzig.de/tk51maga/.local/lib/python3.11/site-packages/tensorboard/summary/writer/event_file_writer.py", line 178, in write
    self._check_worker_status()
  File "/home/sc.uni-leipzig.de/tk51maga/.local/lib/python3.11/site-packages/tensorboard/summary/writer/event_file_writer.py", line 212, in _check_worker_status
    raise exception
  File "/software/easybuild/el9/amd_zen1/all/Anaconda3/2024.02-1/lib/python3.11/threading.py", line 1045, in _bootstrap_inner
    self.run()
  File "/home/sc.uni-leipzig.de/tk51maga/.local/lib/python3.11/site-packages/tensorboard/summary/writer/event_file_writer.py", line 244, in run
    self._run()
  File "/home/sc.uni-leipzig.de/tk51maga/.local/lib/python3.11/site-packages/tensorboard/summary/writer/event_file_writer.py", line 275, in _run
    self._record_writer.write(data)
  File "/home/sc.uni-leipzig.de/tk51maga/.local/lib/python3.11/site-packages/tensorboard/summary/writer/record_writer.py", line 40, in write
    self._writer.write(header + header_crc + data + footer_crc)
  File "/home/sc.uni-leipzig.de/tk51maga/.local/lib/python3.11/site-packages/tensorboard/compat/tensorflow_stub/io/gfile.py", line 775, in write
    self.fs.append(self.filename, file_content, self.binary_mode)Traceback (most recent call last):

  File "/home/sc.uni-leipzig.de/tk51maga/projects/uitb/RL_2025_UITB_REG/uitb/train/trainer.py", line 161, in <module>
    rl_model.learn(WandbCallback(verbose=2),
  File "/home/sc.uni-leipzig.de/tk51maga/.local/lib/python3.11/site-packages/tensorboard/compat/tensorflow_stub/io/gfile.py", line 167, in append
  File "/home/sc.uni-leipzig.de/tk51maga/projects/uitb/RL_2025_UITB_REG/simulators/reg_mobl_arms_index_pointing_negative_five_l_one/reg_mobl_arms_index_pointing_negative_five_l_one/rl/sb3/PPO.py", line 143, in learn
    self._write(filename, file_content, "ab" if binary_mode else "a")  File "/home/sc.uni-leipzig.de/tk51maga/projects/uitb/RL_2025_UITB_REG/simulators/reg_mobl_arms_index_pointing_negative_five_l_one/reg_mobl_arms_index_pointing_negative_five_l_one/rl/sb3/PPO.py", line 202, in learn

  File "/home/sc.uni-leipzig.de/tk51maga/.local/lib/python3.11/site-packages/stable_baselines3/common/logger.py", line 538, in dump
    _format.write(self.name_to_value, self.name_to_excluded, step)
  File "/home/sc.uni-leipzig.de/tk51maga/.local/lib/python3.11/site-packages/tensorboard/compat/tensorflow_stub/io/gfile.py", line 171, in _write
  File "/home/sc.uni-leipzig.de/tk51maga/.local/lib/python3.11/site-packages/stable_baselines3/common/logger.py", line 413, in write
    self.writer.add_scalar(key, value, step)
      File "/home/sc.uni-leipzig.de/tk51maga/.local/lib/python3.11/site-packages/torch/utils/tensorboard/writer.py", line 381, in add_scalar
    self._get_file_writer().add_summary(summary, global_step, walltime)
with io.open(filename, mode, encoding=encoding) as f:
  File "/home/sc.uni-leipzig.de/tk51maga/.local/lib/python3.11/site-packages/torch/utils/tensorboard/writer.py", line 115, in add_summary
    self.add_event(event, global_step, walltime)
   File "/home/sc.uni-leipzig.de/tk51maga/.local/lib/python3.11/site-packages/torch/utils/tensorboard/writer.py", line 99, in add_event
    self.event_writer.add_event(event)
    File "/home/sc.uni-leipzig.de/tk51maga/.local/lib/python3.11/site-packages/tensorboard/summary/writer/event_file_writer.py", line 117, in add_event
    self._async_writer.write(event.SerializeToString())
    File "/home/sc.uni-leipzig.de/tk51maga/.local/lib/python3.11/site-packages/tensorboard/summary/writer/event_file_writer.py", line 178, in write
    self._check_worker_status()
    File "/home/sc.uni-leipzig.de/tk51maga/.local/lib/python3.11/site-packages/tensorboard/summary/writer/event_file_writer.py", line 212, in _check_worker_status
    raise exception
    File "/software/easybuild/el9/amd_zen1/all/Anaconda3/2024.02-1/lib/python3.11/threading.py", line 1045, in _bootstrap_inner
    self.run()
^^  File "/home/sc.uni-leipzig.de/tk51maga/.local/lib/python3.11/site-packages/tensorboard/summary/writer/event_file_writer.py", line 244, in run
    self._run()
^^  File "/home/sc.uni-leipzig.de/tk51maga/.local/lib/python3.11/site-packages/tensorboard/summary/writer/event_file_writer.py", line 275, in _run
    self._record_writer.write(data)
^^  File "/home/sc.uni-leipzig.de/tk51maga/.local/lib/python3.11/site-packages/tensorboard/summary/writer/record_writer.py", line 40, in write
    self._writer.write(header + header_crc + data + footer_crc)
^^  File "/home/sc.uni-leipzig.de/tk51maga/.local/lib/python3.11/site-packages/tensorboard/compat/tensorflow_stub/io/gfile.py", line 775, in write
    self.fs.append(self.filename, file_content, self.binary_mode)
^^  File "/home/sc.uni-leipzig.de/tk51maga/.local/lib/python3.11/site-packages/tensorboard/compat/tensorflow_stub/io/gfile.py", line 167, in append
    self._write(filename, file_content, "ab" if binary_mode else "a")
^^  File "/home/sc.uni-leipzig.de/tk51maga/.local/lib/python3.11/site-packages/tensorboard/compat/tensorflow_stub/io/gfile.py", line 171, in _write
    with io.open(filename, mode, encoding=encoding) as f:
         ^^^^^^^^^^^^^^^^^^^^^^^^^^^^^^^^^^^^^^^^^^
^^FileNotFoundError: [Errno 2] No such file or directory: b'/home/sc.uni-leipzig.de/tk51maga/projects/uitb/RL_2025_UITB_REG/simulators/reg_mobl_arms_index_pointing_negative_five_l_one/PPO_1/events.out.tfevents.1750080370.paula09.sc.uni-leipzig.de.3592104.0'
^^^^^^^^^^^^^^^^^^^^^^^^^^^^
FileNotFoundError: [Errno 2] No such file or directory: b'/home/sc.uni-leipzig.de/tk51maga/projects/uitb/RL_2025_UITB_REG/simulators/reg_mobl_arms_index_pointing_negative_five_l_one/PPO_1/events.out.tfevents.1750080370.paula09.sc.uni-leipzig.de.3592104.0'
[1;34mwandb[0m: 
[1;34mwandb[0m: 🚀 View run [33mreg_mobl_arms_index_pointing_negative_five_l_one[0m at: [34mhttps://wandb.ai/coyfelix7-universit-t-leipzig/uitb/runs/xa6x52kf[0m
[1;34mwandb[0m: Find logs at: [1;35msimulators/wandb/run-20250616_152553-xa6x52kf/logs[0m
