wandb: Currently logged in as: coyfelix7 (coyfelix7-universit-t-leipzig) to https://api.wandb.ai. Use `wandb login --relogin` to force relogin
wandb: Tracking run with wandb version 0.20.1
wandb: Run data is saved locally in /home/sc.uni-leipzig.de/tk51maga/projects/uitb/RL_2025_UITB_REG/simulators/wandb/run-20250616_152759-8m8cef89
wandb: Run `wandb offline` to turn off syncing.
wandb: Syncing run reg_mobl_arms_index_pointing_negative_four_l_one
wandb: ⭐️ View project at https://wandb.ai/coyfelix7-universit-t-leipzig/uitb
wandb: 🚀 View run at https://wandb.ai/coyfelix7-universit-t-leipzig/uitb/runs/8m8cef89
ordereddict([('algorithm', 'PPO'), ('policy_type', 'policies.MultiInputActorCriticPolicyTanhActions'), ('policy_kwargs', ordereddict([('activation_fn', 'torch.nn.LeakyReLU'), ('net_arch', [256, 256]), ('log_std_init', 0.0), ('features_extractor_class', 'feature_extractor.FeatureExtractor'), ('normalize_images', False)])), ('lr', ordereddict([('function', 'schedule.linear_schedule'), ('kwargs', ordereddict([('initial_value', 5e-05), ('min_value', 1e-07), ('threshold', 0.8)]))])), ('reg', ordereddict([('l1', 0.0001), ('l2', 0.0), ('dropout', 0.0), ('layer_norm', False)])), ('total_timesteps', 100000000), ('device', 'cuda'), ('num_workers', 10), ('nsteps', 4000), ('batch_size', 500), ('target_kl', 1.0), ('save_freq', 5000000)])
/home/sc.uni-leipzig.de/tk51maga/.local/lib/python3.11/site-packages/gymnasium/core.py:311: UserWarning: [33mWARN: env.set_task_regularisation to get variables from other wrappers is deprecated and will be removed in v1.0, to get this variable you can do `env.unwrapped.set_task_regularisation` for environment variables or `env.get_wrapper_attr('set_task_regularisation')` that will search the reminding wrappers.[0m
  logger.warn(
/home/sc.uni-leipzig.de/tk51maga/.local/lib/python3.11/site-packages/gymnasium/core.py:311: UserWarning: [33mWARN: env.set_task_regularisation to get variables from other wrappers is deprecated and will be removed in v1.0, to get this variable you can do `env.unwrapped.set_task_regularisation` for environment variables or `env.get_wrapper_attr('set_task_regularisation')` that will search the reminding wrappers.[0m
  logger.warn(
/home/sc.uni-leipzig.de/tk51maga/.local/lib/python3.11/site-packages/gymnasium/core.py:311: UserWarning: [33mWARN: env.set_task_regularisation to get variables from other wrappers is deprecated and will be removed in v1.0, to get this variable you can do `env.unwrapped.set_task_regularisation` for environment variables or `env.get_wrapper_attr('set_task_regularisation')` that will search the reminding wrappers.[0m
  logger.warn(
/home/sc.uni-leipzig.de/tk51maga/.local/lib/python3.11/site-packages/gymnasium/core.py:311: UserWarning: [33mWARN: env.set_task_regularisation to get variables from other wrappers is deprecated and will be removed in v1.0, to get this variable you can do `env.unwrapped.set_task_regularisation` for environment variables or `env.get_wrapper_attr('set_task_regularisation')` that will search the reminding wrappers.[0m
  logger.warn(
/home/sc.uni-leipzig.de/tk51maga/.local/lib/python3.11/site-packages/gymnasium/core.py:311: UserWarning: [33mWARN: env.set_task_regularisation to get variables from other wrappers is deprecated and will be removed in v1.0, to get this variable you can do `env.unwrapped.set_task_regularisation` for environment variables or `env.get_wrapper_attr('set_task_regularisation')` that will search the reminding wrappers.[0m
  logger.warn(
/home/sc.uni-leipzig.de/tk51maga/.local/lib/python3.11/site-packages/gymnasium/core.py:311: UserWarning: [33mWARN: env.set_task_regularisation to get variables from other wrappers is deprecated and will be removed in v1.0, to get this variable you can do `env.unwrapped.set_task_regularisation` for environment variables or `env.get_wrapper_attr('set_task_regularisation')` that will search the reminding wrappers.[0m
  logger.warn(
/home/sc.uni-leipzig.de/tk51maga/.local/lib/python3.11/site-packages/gymnasium/core.py:311: UserWarning: [33mWARN: env.set_task_regularisation to get variables from other wrappers is deprecated and will be removed in v1.0, to get this variable you can do `env.unwrapped.set_task_regularisation` for environment variables or `env.get_wrapper_attr('set_task_regularisation')` that will search the reminding wrappers.[0m
  logger.warn(
/home/sc.uni-leipzig.de/tk51maga/.local/lib/python3.11/site-packages/gymnasium/core.py:311: UserWarning: [33mWARN: env.set_task_regularisation to get variables from other wrappers is deprecated and will be removed in v1.0, to get this variable you can do `env.unwrapped.set_task_regularisation` for environment variables or `env.get_wrapper_attr('set_task_regularisation')` that will search the reminding wrappers.[0m
  logger.warn(
/home/sc.uni-leipzig.de/tk51maga/.local/lib/python3.11/site-packages/gymnasium/core.py:311: UserWarning: [33mWARN: env.set_task_regularisation to get variables from other wrappers is deprecated and will be removed in v1.0, to get this variable you can do `env.unwrapped.set_task_regularisation` for environment variables or `env.get_wrapper_attr('set_task_regularisation')` that will search the reminding wrappers.[0m
  logger.warn(
/home/sc.uni-leipzig.de/tk51maga/.local/lib/python3.11/site-packages/gymnasium/core.py:311: UserWarning: [33mWARN: env.set_task_regularisation to get variables from other wrappers is deprecated and will be removed in v1.0, to get this variable you can do `env.unwrapped.set_task_regularisation` for environment variables or `env.get_wrapper_attr('set_task_regularisation')` that will search the reminding wrappers.[0m
  logger.warn(
Reg True
Using cuda device
Reg True
Reg True
Logging to /home/sc.uni-leipzig.de/tk51maga/projects/uitb/RL_2025_UITB_REG/simulators/reg_mobl_arms_index_pointing_negative_four_l_one/PPO_1
Update penalty
---------------------------------
| rollout/           |          |
|    ep_len_mean     | 800      |
|    ep_rew_mean     | -296     |
| time/              |          |
|    fps             | 572      |
|    iterations      | 1        |
|    time_elapsed    | 69       |
|    total_timesteps | 40000    |
---------------------------------
Update penalty
-----------------------------------------
| rollout/                |             |
|    ep_len_mean          | 800         |
|    ep_rew_mean          | -295        |
| time/                   |             |
|    fps                  | 527         |
|    iterations           | 2           |
|    time_elapsed         | 151         |
|    total_timesteps      | 80000       |
| train/                  |             |
|    approx_kl            | 0.010874944 |
|    clip_fraction        | 0.125       |
|    clip_range           | 0.2         |
|    entropy_loss         | -36.9       |
|    explained_variance   | -7.76       |
|    learning_rate        | 5e-05       |
|    loss                 | 0.145       |
|    n_updates            | 10          |
|    policy_gradient_loss | -0.00216    |
|    std                  | 1           |
|    value_loss           | 0.832       |
-----------------------------------------
Update penalty
---------------------------------------
| rollout/                |           |
|    ep_len_mean          | 800       |
|    ep_rew_mean          | -295      |
| time/                   |           |
|    fps                  | 501       |
|    iterations           | 3         |
|    time_elapsed         | 239       |
|    total_timesteps      | 120000    |
| train/                  |           |
|    approx_kl            | 0.0122039 |
|    clip_fraction        | 0.14      |
|    clip_range           | 0.2       |
|    entropy_loss         | -36.9     |
|    explained_variance   | 0.0568    |
|    learning_rate        | 5e-05     |
|    loss                 | 0.131     |
|    n_updates            | 20        |
|    policy_gradient_loss | -0.0121   |
|    std                  | 0.998     |
|    value_loss           | 0.535     |
---------------------------------------
Update penalty
-----------------------------------------
| rollout/                |             |
|    ep_len_mean          | 800         |
|    ep_rew_mean          | -295        |
| time/                   |             |
|    fps                  | 502         |
|    iterations           | 4           |
|    time_elapsed         | 318         |
|    total_timesteps      | 160000      |
| train/                  |             |
|    approx_kl            | 0.011405034 |
|    clip_fraction        | 0.128       |
|    clip_range           | 0.2         |
|    entropy_loss         | -36.8       |
|    explained_variance   | 0.274       |
|    learning_rate        | 5e-05       |
|    loss                 | 0.0939      |
|    n_updates            | 30          |
|    policy_gradient_loss | -0.0129     |
|    std                  | 0.996       |
|    value_loss           | 0.379       |
-----------------------------------------
Update penalty
-----------------------------------------
| rollout/                |             |
|    ep_len_mean          | 800         |
|    ep_rew_mean          | -295        |
| time/                   |             |
|    fps                  | 496         |
|    iterations           | 5           |
|    time_elapsed         | 402         |
|    total_timesteps      | 200000      |
| train/                  |             |
|    approx_kl            | 0.013431002 |
|    clip_fraction        | 0.125       |
|    clip_range           | 0.2         |
|    entropy_loss         | -36.8       |
|    explained_variance   | 0.426       |
|    learning_rate        | 5e-05       |
|    loss                 | 0.0443      |
|    n_updates            | 40          |
|    policy_gradient_loss | -0.0135     |
|    std                  | 0.995       |
|    value_loss           | 0.268       |
-----------------------------------------
Update penalty
-----------------------------------------
| rollout/                |             |
|    ep_len_mean          | 800         |
|    ep_rew_mean          | -295        |
| time/                   |             |
|    fps                  | 493         |
|    iterations           | 6           |
|    time_elapsed         | 486         |
|    total_timesteps      | 240000      |
| train/                  |             |
|    approx_kl            | 0.013998225 |
|    clip_fraction        | 0.133       |
|    clip_range           | 0.2         |
|    entropy_loss         | -36.8       |
|    explained_variance   | 0.534       |
|    learning_rate        | 5e-05       |
|    loss                 | 0.0209      |
|    n_updates            | 50          |
|    policy_gradient_loss | -0.0141     |
|    std                  | 0.994       |
|    value_loss           | 0.189       |
-----------------------------------------
Update penalty
----------------------------------------
| rollout/                |            |
|    ep_len_mean          | 800        |
|    ep_rew_mean          | -295       |
| time/                   |            |
|    fps                  | 494        |
|    iterations           | 7          |
|    time_elapsed         | 566        |
|    total_timesteps      | 280000     |
| train/                  |            |
|    approx_kl            | 0.01261228 |
|    clip_fraction        | 0.132      |
|    clip_range           | 0.2        |
|    entropy_loss         | -36.7      |
|    explained_variance   | 0.601      |
|    learning_rate        | 5e-05      |
|    loss                 | 0.0217     |
|    n_updates            | 60         |
|    policy_gradient_loss | -0.0157    |
|    std                  | 0.993      |
|    value_loss           | 0.163      |
----------------------------------------
Update penalty
------------------------------------------
| rollout/                |              |
|    ep_len_mean          | 800          |
|    ep_rew_mean          | -295         |
| time/                   |              |
|    fps                  | 496          |
|    iterations           | 8            |
|    time_elapsed         | 644          |
|    total_timesteps      | 320000       |
| train/                  |              |
|    approx_kl            | 0.0137292165 |
|    clip_fraction        | 0.129        |
|    clip_range           | 0.2          |
|    entropy_loss         | -36.7        |
|    explained_variance   | 0.647        |
|    learning_rate        | 5e-05        |
|    loss                 | 0.0379       |
|    n_updates            | 70           |
|    policy_gradient_loss | -0.0157      |
|    std                  | 0.992        |
|    value_loss           | 0.117        |
------------------------------------------
Update penalty
----------------------------------------
| rollout/                |            |
|    ep_len_mean          | 800        |
|    ep_rew_mean          | -295       |
| time/                   |            |
|    fps                  | 493        |
|    iterations           | 9          |
|    time_elapsed         | 729        |
|    total_timesteps      | 360000     |
| train/                  |            |
|    approx_kl            | 0.00999934 |
|    clip_fraction        | 0.0869     |
|    clip_range           | 0.2        |
|    entropy_loss         | -36.7      |
|    explained_variance   | 0.693      |
|    learning_rate        | 5e-05      |
|    loss                 | 0.0239     |
|    n_updates            | 80         |
|    policy_gradient_loss | -0.013     |
|    std                  | 0.992      |
|    value_loss           | 0.108      |
----------------------------------------
Update penalty
-----------------------------------------
| rollout/                |             |
|    ep_len_mean          | 800         |
|    ep_rew_mean          | -295        |
| time/                   |             |
|    fps                  | 490         |
|    iterations           | 10          |
|    time_elapsed         | 814         |
|    total_timesteps      | 400000      |
| train/                  |             |
|    approx_kl            | 0.011367634 |
|    clip_fraction        | 0.129       |
|    clip_range           | 0.2         |
|    entropy_loss         | -36.7       |
|    explained_variance   | 0.697       |
|    learning_rate        | 5e-05       |
|    loss                 | 0.0251      |
|    n_updates            | 90          |
|    policy_gradient_loss | -0.0155     |
|    std                  | 0.99        |
|    value_loss           | 0.0883      |
-----------------------------------------
Update penalty
----------------------------------------
| rollout/                |            |
|    ep_len_mean          | 800        |
|    ep_rew_mean          | -295       |
| time/                   |            |
|    fps                  | 489        |
|    iterations           | 11         |
|    time_elapsed         | 898        |
|    total_timesteps      | 440000     |
| train/                  |            |
|    approx_kl            | 0.01926355 |
|    clip_fraction        | 0.166      |
|    clip_range           | 0.2        |
|    entropy_loss         | -36.6      |
|    explained_variance   | 0.682      |
|    learning_rate        | 5e-05      |
|    loss                 | -0.00445   |
|    n_updates            | 100        |
|    policy_gradient_loss | -0.0165    |
|    std                  | 0.989      |
|    value_loss           | 0.0678     |
----------------------------------------
Update penalty
-----------------------------------------
| rollout/                |             |
|    ep_len_mean          | 800         |
|    ep_rew_mean          | -294        |
| time/                   |             |
|    fps                  | 491         |
|    iterations           | 12          |
|    time_elapsed         | 977         |
|    total_timesteps      | 480000      |
| train/                  |             |
|    approx_kl            | 0.009014293 |
|    clip_fraction        | 0.0966      |
|    clip_range           | 0.2         |
|    entropy_loss         | -36.6       |
|    explained_variance   | 0.683       |
|    learning_rate        | 5e-05       |
|    loss                 | 0.004       |
|    n_updates            | 110         |
|    policy_gradient_loss | -0.0146     |
|    std                  | 0.988       |
|    value_loss           | 0.0855      |
-----------------------------------------
Update penalty
------------------------------------------
| rollout/                |              |
|    ep_len_mean          | 800          |
|    ep_rew_mean          | -294         |
| time/                   |              |
|    fps                  | 489          |
|    iterations           | 13           |
|    time_elapsed         | 1061         |
|    total_timesteps      | 520000       |
| train/                  |              |
|    approx_kl            | 0.0111630075 |
|    clip_fraction        | 0.146        |
|    clip_range           | 0.2          |
|    entropy_loss         | -36.6        |
|    explained_variance   | 0.646        |
|    learning_rate        | 5e-05        |
|    loss                 | 0.00567      |
|    n_updates            | 120          |
|    policy_gradient_loss | -0.0185      |
|    std                  | 0.987        |
|    value_loss           | 0.0591       |
------------------------------------------
Update penalty
-----------------------------------------
| rollout/                |             |
|    ep_len_mean          | 800         |
|    ep_rew_mean          | -293        |
| time/                   |             |
|    fps                  | 489         |
|    iterations           | 14          |
|    time_elapsed         | 1142        |
|    total_timesteps      | 560000      |
| train/                  |             |
|    approx_kl            | 0.013724546 |
|    clip_fraction        | 0.173       |
|    clip_range           | 0.2         |
|    entropy_loss         | -36.6       |
|    explained_variance   | 0.612       |
|    learning_rate        | 5e-05       |
|    loss                 | -0.0125     |
|    n_updates            | 130         |
|    policy_gradient_loss | -0.0197     |
|    std                  | 0.987       |
|    value_loss           | 0.0564      |
-----------------------------------------
Update penalty
-----------------------------------------
| rollout/                |             |
|    ep_len_mean          | 800         |
|    ep_rew_mean          | -293        |
| time/                   |             |
|    fps                  | 489         |
|    iterations           | 15          |
|    time_elapsed         | 1225        |
|    total_timesteps      | 600000      |
| train/                  |             |
|    approx_kl            | 0.012144598 |
|    clip_fraction        | 0.138       |
|    clip_range           | 0.2         |
|    entropy_loss         | -36.5       |
|    explained_variance   | 0.536       |
|    learning_rate        | 5e-05       |
|    loss                 | 0.0109      |
|    n_updates            | 140         |
|    policy_gradient_loss | -0.0152     |
|    std                  | 0.986       |
|    value_loss           | 0.091       |
-----------------------------------------
Update penalty
-----------------------------------------
| rollout/                |             |
|    ep_len_mean          | 800         |
|    ep_rew_mean          | -293        |
| time/                   |             |
|    fps                  | 488         |
|    iterations           | 16          |
|    time_elapsed         | 1309        |
|    total_timesteps      | 640000      |
| train/                  |             |
|    approx_kl            | 0.010964625 |
|    clip_fraction        | 0.119       |
|    clip_range           | 0.2         |
|    entropy_loss         | -36.5       |
|    explained_variance   | 0.488       |
|    learning_rate        | 5e-05       |
|    loss                 | 0.0101      |
|    n_updates            | 150         |
|    policy_gradient_loss | -0.0162     |
|    std                  | 0.985       |
|    value_loss           | 0.0941      |
-----------------------------------------
Update penalty
-----------------------------------------
| rollout/                |             |
|    ep_len_mean          | 800         |
|    ep_rew_mean          | -292        |
| time/                   |             |
|    fps                  | 487         |
|    iterations           | 17          |
|    time_elapsed         | 1395        |
|    total_timesteps      | 680000      |
| train/                  |             |
|    approx_kl            | 0.020935562 |
|    clip_fraction        | 0.156       |
|    clip_range           | 0.2         |
|    entropy_loss         | -36.5       |
|    explained_variance   | 0.464       |
|    learning_rate        | 5e-05       |
|    loss                 | 0.00731     |
|    n_updates            | 160         |
|    policy_gradient_loss | -0.0137     |
|    std                  | 0.984       |
|    value_loss           | 0.101       |
-----------------------------------------
Update penalty
---------------------------------------
| rollout/                |           |
|    ep_len_mean          | 799       |
|    ep_rew_mean          | -291      |
| time/                   |           |
|    fps                  | 487       |
|    iterations           | 18        |
|    time_elapsed         | 1477      |
|    total_timesteps      | 720000    |
| train/                  |           |
|    approx_kl            | 0.0126662 |
|    clip_fraction        | 0.171     |
|    clip_range           | 0.2       |
|    entropy_loss         | -36.5     |
|    explained_variance   | 0.455     |
|    learning_rate        | 5e-05     |
|    loss                 | -0.00519  |
|    n_updates            | 170       |
|    policy_gradient_loss | -0.0187   |
|    std                  | 0.983     |
|    value_loss           | 0.0513    |
---------------------------------------
Update penalty
-----------------------------------------
| rollout/                |             |
|    ep_len_mean          | 798         |
|    ep_rew_mean          | -291        |
| time/                   |             |
|    fps                  | 485         |
|    iterations           | 19          |
|    time_elapsed         | 1564        |
|    total_timesteps      | 760000      |
| train/                  |             |
|    approx_kl            | 0.011381957 |
|    clip_fraction        | 0.172       |
|    clip_range           | 0.2         |
|    entropy_loss         | -36.5       |
|    explained_variance   | 0.335       |
|    learning_rate        | 5e-05       |
|    loss                 | 0.0792      |
|    n_updates            | 180         |
|    policy_gradient_loss | -0.0158     |
|    std                  | 0.983       |
|    value_loss           | 0.113       |
-----------------------------------------
Update penalty
-----------------------------------------
| rollout/                |             |
|    ep_len_mean          | 799         |
|    ep_rew_mean          | -291        |
| time/                   |             |
|    fps                  | 485         |
|    iterations           | 20          |
|    time_elapsed         | 1649        |
|    total_timesteps      | 800000      |
| train/                  |             |
|    approx_kl            | 0.013692781 |
|    clip_fraction        | 0.176       |
|    clip_range           | 0.2         |
|    entropy_loss         | -36.4       |
|    explained_variance   | 0.362       |
|    learning_rate        | 5e-05       |
|    loss                 | 0.00335     |
|    n_updates            | 190         |
|    policy_gradient_loss | -0.0171     |
|    std                  | 0.982       |
|    value_loss           | 0.0724      |
-----------------------------------------
Update penalty
-----------------------------------------
| rollout/                |             |
|    ep_len_mean          | 798         |
|    ep_rew_mean          | -290        |
| time/                   |             |
|    fps                  | 483         |
|    iterations           | 21          |
|    time_elapsed         | 1736        |
|    total_timesteps      | 840000      |
| train/                  |             |
|    approx_kl            | 0.011192625 |
|    clip_fraction        | 0.155       |
|    clip_range           | 0.2         |
|    entropy_loss         | -36.4       |
|    explained_variance   | 0.265       |
|    learning_rate        | 5e-05       |
|    loss                 | 0.0457      |
|    n_updates            | 200         |
|    policy_gradient_loss | -0.0173     |
|    std                  | 0.981       |
|    value_loss           | 0.084       |
-----------------------------------------
Update penalty
-----------------------------------------
| rollout/                |             |
|    ep_len_mean          | 799         |
|    ep_rew_mean          | -290        |
| time/                   |             |
|    fps                  | 482         |
|    iterations           | 22          |
|    time_elapsed         | 1825        |
|    total_timesteps      | 880000      |
| train/                  |             |
|    approx_kl            | 0.011018984 |
|    clip_fraction        | 0.156       |
|    clip_range           | 0.2         |
|    entropy_loss         | -36.4       |
|    explained_variance   | 0.264       |
|    learning_rate        | 5e-05       |
|    loss                 | 0.0119      |
|    n_updates            | 210         |
|    policy_gradient_loss | -0.0158     |
|    std                  | 0.98        |
|    value_loss           | 0.149       |
-----------------------------------------
Update penalty
-----------------------------------------
| rollout/                |             |
|    ep_len_mean          | 799         |
|    ep_rew_mean          | -290        |
| time/                   |             |
|    fps                  | 481         |
|    iterations           | 23          |
|    time_elapsed         | 1912        |
|    total_timesteps      | 920000      |
| train/                  |             |
|    approx_kl            | 0.010325985 |
|    clip_fraction        | 0.116       |
|    clip_range           | 0.2         |
|    entropy_loss         | -36.3       |
|    explained_variance   | 0.384       |
|    learning_rate        | 5e-05       |
|    loss                 | 0.00798     |
|    n_updates            | 220         |
|    policy_gradient_loss | -0.0153     |
|    std                  | 0.979       |
|    value_loss           | 0.0994      |
-----------------------------------------
Update penalty
-----------------------------------------
| rollout/                |             |
|    ep_len_mean          | 797         |
|    ep_rew_mean          | -288        |
| time/                   |             |
|    fps                  | 480         |
|    iterations           | 24          |
|    time_elapsed         | 1998        |
|    total_timesteps      | 960000      |
| train/                  |             |
|    approx_kl            | 0.012245876 |
|    clip_fraction        | 0.171       |
|    clip_range           | 0.2         |
|    entropy_loss         | -36.3       |
|    explained_variance   | 0.311       |
|    learning_rate        | 5e-05       |
|    loss                 | 0.0316      |
|    n_updates            | 230         |
|    policy_gradient_loss | -0.017      |
|    std                  | 0.977       |
|    value_loss           | 0.114       |
-----------------------------------------
Update penalty
----------------------------------------
| rollout/                |            |
|    ep_len_mean          | 796        |
|    ep_rew_mean          | -288       |
| time/                   |            |
|    fps                  | 480        |
|    iterations           | 25         |
|    time_elapsed         | 2082       |
|    total_timesteps      | 1000000    |
| train/                  |            |
|    approx_kl            | 0.01632687 |
|    clip_fraction        | 0.177      |
|    clip_range           | 0.2        |
|    entropy_loss         | -36.3      |
|    explained_variance   | 0.27       |
|    learning_rate        | 5e-05      |
|    loss                 | 0.00854    |
|    n_updates            | 240        |
|    policy_gradient_loss | -0.0133    |
|    std                  | 0.976      |
|    value_loss           | 0.13       |
----------------------------------------
Update penalty
-----------------------------------------
| rollout/                |             |
|    ep_len_mean          | 798         |
|    ep_rew_mean          | -289        |
| time/                   |             |
|    fps                  | 479         |
|    iterations           | 26          |
|    time_elapsed         | 2170        |
|    total_timesteps      | 1040000     |
| train/                  |             |
|    approx_kl            | 0.012938356 |
|    clip_fraction        | 0.166       |
|    clip_range           | 0.2         |
|    entropy_loss         | -36.3       |
|    explained_variance   | 0.243       |
|    learning_rate        | 5e-05       |
|    loss                 | 0.00711     |
|    n_updates            | 250         |
|    policy_gradient_loss | -0.0153     |
|    std                  | 0.975       |
|    value_loss           | 0.149       |
-----------------------------------------
Update penalty
-----------------------------------------
| rollout/                |             |
|    ep_len_mean          | 799         |
|    ep_rew_mean          | -289        |
| time/                   |             |
|    fps                  | 478         |
|    iterations           | 27          |
|    time_elapsed         | 2255        |
|    total_timesteps      | 1080000     |
| train/                  |             |
|    approx_kl            | 0.017092654 |
|    clip_fraction        | 0.192       |
|    clip_range           | 0.2         |
|    entropy_loss         | -36.2       |
|    explained_variance   | 0.268       |
|    learning_rate        | 5e-05       |
|    loss                 | 0.00501     |
|    n_updates            | 260         |
|    policy_gradient_loss | -0.0145     |
|    std                  | 0.974       |
|    value_loss           | 0.118       |
-----------------------------------------
Update penalty
-----------------------------------------
| rollout/                |             |
|    ep_len_mean          | 798         |
|    ep_rew_mean          | -288        |
| time/                   |             |
|    fps                  | 478         |
|    iterations           | 28          |
|    time_elapsed         | 2338        |
|    total_timesteps      | 1120000     |
| train/                  |             |
|    approx_kl            | 0.015616501 |
|    clip_fraction        | 0.184       |
|    clip_range           | 0.2         |
|    entropy_loss         | -36.2       |
|    explained_variance   | 0.258       |
|    learning_rate        | 5e-05       |
|    loss                 | 0.0089      |
|    n_updates            | 270         |
|    policy_gradient_loss | -0.0136     |
|    std                  | 0.974       |
|    value_loss           | 0.125       |
-----------------------------------------
Update penalty
-----------------------------------------
| rollout/                |             |
|    ep_len_mean          | 798         |
|    ep_rew_mean          | -288        |
| time/                   |             |
|    fps                  | 478         |
|    iterations           | 29          |
|    time_elapsed         | 2426        |
|    total_timesteps      | 1160000     |
| train/                  |             |
|    approx_kl            | 0.011646934 |
|    clip_fraction        | 0.159       |
|    clip_range           | 0.2         |
|    entropy_loss         | -36.2       |
|    explained_variance   | 0.288       |
|    learning_rate        | 5e-05       |
|    loss                 | 0.0228      |
|    n_updates            | 280         |
|    policy_gradient_loss | -0.0168     |
|    std                  | 0.973       |
|    value_loss           | 0.108       |
-----------------------------------------
Update penalty
-----------------------------------------
| rollout/                |             |
|    ep_len_mean          | 798         |
|    ep_rew_mean          | -288        |
| time/                   |             |
|    fps                  | 477         |
|    iterations           | 30          |
|    time_elapsed         | 2511        |
|    total_timesteps      | 1200000     |
| train/                  |             |
|    approx_kl            | 0.012553072 |
|    clip_fraction        | 0.188       |
|    clip_range           | 0.2         |
|    entropy_loss         | -36.2       |
|    explained_variance   | 0.232       |
|    learning_rate        | 5e-05       |
|    loss                 | 0.011       |
|    n_updates            | 290         |
|    policy_gradient_loss | -0.0144     |
|    std                  | 0.972       |
|    value_loss           | 0.127       |
-----------------------------------------
Update penalty
-----------------------------------------
| rollout/                |             |
|    ep_len_mean          | 796         |
|    ep_rew_mean          | -287        |
| time/                   |             |
|    fps                  | 477         |
|    iterations           | 31          |
|    time_elapsed         | 2599        |
|    total_timesteps      | 1240000     |
| train/                  |             |
|    approx_kl            | 0.017214831 |
|    clip_fraction        | 0.193       |
|    clip_range           | 0.2         |
|    entropy_loss         | -36.1       |
|    explained_variance   | 0.281       |
|    learning_rate        | 5e-05       |
|    loss                 | 0.0708      |
|    n_updates            | 300         |
|    policy_gradient_loss | -0.0132     |
|    std                  | 0.97        |
|    value_loss           | 0.141       |
-----------------------------------------
Update penalty
-----------------------------------------
| rollout/                |             |
|    ep_len_mean          | 796         |
|    ep_rew_mean          | -287        |
| time/                   |             |
|    fps                  | 476         |
|    iterations           | 32          |
|    time_elapsed         | 2686        |
|    total_timesteps      | 1280000     |
| train/                  |             |
|    approx_kl            | 0.012738717 |
|    clip_fraction        | 0.155       |
|    clip_range           | 0.2         |
|    entropy_loss         | -36.1       |
|    explained_variance   | 0.239       |
|    learning_rate        | 5e-05       |
|    loss                 | 0.0243      |
|    n_updates            | 310         |
|    policy_gradient_loss | -0.0138     |
|    std                  | 0.97        |
|    value_loss           | 0.155       |
-----------------------------------------
Update penalty
-----------------------------------------
| rollout/                |             |
|    ep_len_mean          | 796         |
|    ep_rew_mean          | -287        |
| time/                   |             |
|    fps                  | 476         |
|    iterations           | 33          |
|    time_elapsed         | 2772        |
|    total_timesteps      | 1320000     |
| train/                  |             |
|    approx_kl            | 0.012126161 |
|    clip_fraction        | 0.168       |
|    clip_range           | 0.2         |
|    entropy_loss         | -36.1       |
|    explained_variance   | 0.255       |
|    learning_rate        | 5e-05       |
|    loss                 | 0.0417      |
|    n_updates            | 320         |
|    policy_gradient_loss | -0.0138     |
|    std                  | 0.969       |
|    value_loss           | 0.149       |
-----------------------------------------
Update penalty
-----------------------------------------
| rollout/                |             |
|    ep_len_mean          | 794         |
|    ep_rew_mean          | -286        |
| time/                   |             |
|    fps                  | 475         |
|    iterations           | 34          |
|    time_elapsed         | 2859        |
|    total_timesteps      | 1360000     |
| train/                  |             |
|    approx_kl            | 0.011958957 |
|    clip_fraction        | 0.161       |
|    clip_range           | 0.2         |
|    entropy_loss         | -36.1       |
|    explained_variance   | 0.275       |
|    learning_rate        | 5e-05       |
|    loss                 | 0.0413      |
|    n_updates            | 330         |
|    policy_gradient_loss | -0.0147     |
|    std                  | 0.968       |
|    value_loss           | 0.14        |
-----------------------------------------
Update penalty
-----------------------------------------
| rollout/                |             |
|    ep_len_mean          | 795         |
|    ep_rew_mean          | -286        |
| time/                   |             |
|    fps                  | 475         |
|    iterations           | 35          |
|    time_elapsed         | 2944        |
|    total_timesteps      | 1400000     |
| train/                  |             |
|    approx_kl            | 0.011613242 |
|    clip_fraction        | 0.148       |
|    clip_range           | 0.2         |
|    entropy_loss         | -36         |
|    explained_variance   | 0.269       |
|    learning_rate        | 5e-05       |
|    loss                 | 0.073       |
|    n_updates            | 340         |
|    policy_gradient_loss | -0.0137     |
|    std                  | 0.968       |
|    value_loss           | 0.202       |
-----------------------------------------
Update penalty
----------------------------------------
| rollout/                |            |
|    ep_len_mean          | 798        |
|    ep_rew_mean          | -287       |
| time/                   |            |
|    fps                  | 475        |
|    iterations           | 36         |
|    time_elapsed         | 3028       |
|    total_timesteps      | 1440000    |
| train/                  |            |
|    approx_kl            | 0.01603524 |
|    clip_fraction        | 0.197      |
|    clip_range           | 0.2        |
|    entropy_loss         | -36        |
|    explained_variance   | 0.318      |
|    learning_rate        | 5e-05      |
|    loss                 | 0.114      |
|    n_updates            | 350        |
|    policy_gradient_loss | -0.0143    |
|    std                  | 0.967      |
|    value_loss           | 0.128      |
----------------------------------------
Update penalty
-----------------------------------------
| rollout/                |             |
|    ep_len_mean          | 798         |
|    ep_rew_mean          | -287        |
| time/                   |             |
|    fps                  | 475         |
|    iterations           | 37          |
|    time_elapsed         | 3113        |
|    total_timesteps      | 1480000     |
| train/                  |             |
|    approx_kl            | 0.012099998 |
|    clip_fraction        | 0.149       |
|    clip_range           | 0.2         |
|    entropy_loss         | -36         |
|    explained_variance   | 0.455       |
|    learning_rate        | 5e-05       |
|    loss                 | 0.014       |
|    n_updates            | 360         |
|    policy_gradient_loss | -0.0195     |
|    std                  | 0.966       |
|    value_loss           | 0.0654      |
-----------------------------------------
Update penalty
-----------------------------------------
| rollout/                |             |
|    ep_len_mean          | 798         |
|    ep_rew_mean          | -287        |
| time/                   |             |
|    fps                  | 474         |
|    iterations           | 38          |
|    time_elapsed         | 3201        |
|    total_timesteps      | 1520000     |
| train/                  |             |
|    approx_kl            | 0.011690886 |
|    clip_fraction        | 0.159       |
|    clip_range           | 0.2         |
|    entropy_loss         | -36         |
|    explained_variance   | 0.337       |
|    learning_rate        | 5e-05       |
|    loss                 | 0.0915      |
|    n_updates            | 370         |
|    policy_gradient_loss | -0.0157     |
|    std                  | 0.965       |
|    value_loss           | 0.155       |
-----------------------------------------
Update penalty
-----------------------------------------
| rollout/                |             |
|    ep_len_mean          | 798         |
|    ep_rew_mean          | -287        |
| time/                   |             |
|    fps                  | 474         |
|    iterations           | 39          |
|    time_elapsed         | 3286        |
|    total_timesteps      | 1560000     |
| train/                  |             |
|    approx_kl            | 0.012117277 |
|    clip_fraction        | 0.158       |
|    clip_range           | 0.2         |
|    entropy_loss         | -35.9       |
|    explained_variance   | 0.405       |
|    learning_rate        | 5e-05       |
|    loss                 | 0.0484      |
|    n_updates            | 380         |
|    policy_gradient_loss | -0.0156     |
|    std                  | 0.964       |
|    value_loss           | 0.0903      |
-----------------------------------------
Update penalty
----------------------------------------
| rollout/                |            |
|    ep_len_mean          | 793        |
|    ep_rew_mean          | -284       |
| time/                   |            |
|    fps                  | 473        |
|    iterations           | 40         |
|    time_elapsed         | 3376       |
|    total_timesteps      | 1600000    |
| train/                  |            |
|    approx_kl            | 0.01542337 |
|    clip_fraction        | 0.213      |
|    clip_range           | 0.2        |
|    entropy_loss         | -35.9      |
|    explained_variance   | 0.289      |
|    learning_rate        | 5e-05      |
|    loss                 | 0.0458     |
|    n_updates            | 390        |
|    policy_gradient_loss | -0.0153    |
|    std                  | 0.964      |
|    value_loss           | 0.18       |
----------------------------------------
Update penalty
-----------------------------------------
| rollout/                |             |
|    ep_len_mean          | 793         |
|    ep_rew_mean          | -284        |
| time/                   |             |
|    fps                  | 473         |
|    iterations           | 41          |
|    time_elapsed         | 3465        |
|    total_timesteps      | 1640000     |
| train/                  |             |
|    approx_kl            | 0.014124224 |
|    clip_fraction        | 0.193       |
|    clip_range           | 0.2         |
|    entropy_loss         | -35.9       |
|    explained_variance   | 0.26        |
|    learning_rate        | 5e-05       |
|    loss                 | 0.0529      |
|    n_updates            | 400         |
|    policy_gradient_loss | -0.0127     |
|    std                  | 0.963       |
|    value_loss           | 0.26        |
-----------------------------------------
Update penalty
-----------------------------------------
| rollout/                |             |
|    ep_len_mean          | 794         |
|    ep_rew_mean          | -284        |
| time/                   |             |
|    fps                  | 473         |
|    iterations           | 42          |
|    time_elapsed         | 3549        |
|    total_timesteps      | 1680000     |
| train/                  |             |
|    approx_kl            | 0.012457291 |
|    clip_fraction        | 0.167       |
|    clip_range           | 0.2         |
|    entropy_loss         | -35.9       |
|    explained_variance   | 0.332       |
|    learning_rate        | 5e-05       |
|    loss                 | 0.0423      |
|    n_updates            | 410         |
|    policy_gradient_loss | -0.0155     |
|    std                  | 0.963       |
|    value_loss           | 0.151       |
-----------------------------------------
Update penalty
-----------------------------------------
| rollout/                |             |
|    ep_len_mean          | 793         |
|    ep_rew_mean          | -284        |
| time/                   |             |
|    fps                  | 473         |
|    iterations           | 43          |
|    time_elapsed         | 3634        |
|    total_timesteps      | 1720000     |
| train/                  |             |
|    approx_kl            | 0.016338818 |
|    clip_fraction        | 0.192       |
|    clip_range           | 0.2         |
|    entropy_loss         | -35.9       |
|    explained_variance   | 0.291       |
|    learning_rate        | 5e-05       |
|    loss                 | 0.0843      |
|    n_updates            | 420         |
|    policy_gradient_loss | -0.0121     |
|    std                  | 0.962       |
|    value_loss           | 0.227       |
-----------------------------------------
Update penalty
-----------------------------------------
| rollout/                |             |
|    ep_len_mean          | 796         |
|    ep_rew_mean          | -285        |
| time/                   |             |
|    fps                  | 473         |
|    iterations           | 44          |
|    time_elapsed         | 3715        |
|    total_timesteps      | 1760000     |
| train/                  |             |
|    approx_kl            | 0.012821143 |
|    clip_fraction        | 0.193       |
|    clip_range           | 0.2         |
|    entropy_loss         | -35.9       |
|    explained_variance   | 0.304       |
|    learning_rate        | 5e-05       |
|    loss                 | 0.185       |
|    n_updates            | 430         |
|    policy_gradient_loss | -0.0138     |
|    std                  | 0.961       |
|    value_loss           | 0.227       |
-----------------------------------------
Update penalty
-----------------------------------------
| rollout/                |             |
|    ep_len_mean          | 797         |
|    ep_rew_mean          | -286        |
| time/                   |             |
|    fps                  | 473         |
|    iterations           | 45          |
|    time_elapsed         | 3799        |
|    total_timesteps      | 1800000     |
| train/                  |             |
|    approx_kl            | 0.014381476 |
|    clip_fraction        | 0.136       |
|    clip_range           | 0.2         |
|    entropy_loss         | -35.8       |
|    explained_variance   | 0.376       |
|    learning_rate        | 5e-05       |
|    loss                 | 0.0148      |
|    n_updates            | 440         |
|    policy_gradient_loss | -0.0135     |
|    std                  | 0.96        |
|    value_loss           | 0.18        |
-----------------------------------------
Update penalty
-----------------------------------------
| rollout/                |             |
|    ep_len_mean          | 796         |
|    ep_rew_mean          | -285        |
| time/                   |             |
|    fps                  | 473         |
|    iterations           | 46          |
|    time_elapsed         | 3883        |
|    total_timesteps      | 1840000     |
| train/                  |             |
|    approx_kl            | 0.012517698 |
|    clip_fraction        | 0.171       |
|    clip_range           | 0.2         |
|    entropy_loss         | -35.8       |
|    explained_variance   | 0.342       |
|    learning_rate        | 5e-05       |
|    loss                 | 0.0504      |
|    n_updates            | 450         |
|    policy_gradient_loss | -0.0146     |
|    std                  | 0.959       |
|    value_loss           | 0.16        |
-----------------------------------------
Update penalty
-----------------------------------------
| rollout/                |             |
|    ep_len_mean          | 797         |
|    ep_rew_mean          | -286        |
| time/                   |             |
|    fps                  | 473         |
|    iterations           | 47          |
|    time_elapsed         | 3968        |
|    total_timesteps      | 1880000     |
| train/                  |             |
|    approx_kl            | 0.011914927 |
|    clip_fraction        | 0.177       |
|    clip_range           | 0.2         |
|    entropy_loss         | -35.8       |
|    explained_variance   | 0.345       |
|    learning_rate        | 5e-05       |
|    loss                 | 0.0455      |
|    n_updates            | 460         |
|    policy_gradient_loss | -0.0153     |
|    std                  | 0.958       |
|    value_loss           | 0.158       |
-----------------------------------------
Update penalty
----------------------------------------
| rollout/                |            |
|    ep_len_mean          | 798        |
|    ep_rew_mean          | -286       |
| time/                   |            |
|    fps                  | 473        |
|    iterations           | 48         |
|    time_elapsed         | 4052       |
|    total_timesteps      | 1920000    |
| train/                  |            |
|    approx_kl            | 0.01969188 |
|    clip_fraction        | 0.188      |
|    clip_range           | 0.2        |
|    entropy_loss         | -35.8      |
|    explained_variance   | 0.391      |
|    learning_rate        | 5e-05      |
|    loss                 | 0.0517     |
|    n_updates            | 470        |
|    policy_gradient_loss | -0.013     |
|    std                  | 0.958      |
|    value_loss           | 0.187      |
----------------------------------------
Update penalty
-----------------------------------------
| rollout/                |             |
|    ep_len_mean          | 797         |
|    ep_rew_mean          | -286        |
| time/                   |             |
|    fps                  | 473         |
|    iterations           | 49          |
|    time_elapsed         | 4139        |
|    total_timesteps      | 1960000     |
| train/                  |             |
|    approx_kl            | 0.028404623 |
|    clip_fraction        | 0.186       |
|    clip_range           | 0.2         |
|    entropy_loss         | -35.8       |
|    explained_variance   | 0.361       |
|    learning_rate        | 5e-05       |
|    loss                 | 0.143       |
|    n_updates            | 480         |
|    policy_gradient_loss | -0.0115     |
|    std                  | 0.958       |
|    value_loss           | 0.176       |
-----------------------------------------
Update penalty
----------------------------------------
| rollout/                |            |
|    ep_len_mean          | 796        |
|    ep_rew_mean          | -285       |
| time/                   |            |
|    fps                  | 474        |
|    iterations           | 50         |
|    time_elapsed         | 4216       |
|    total_timesteps      | 2000000    |
| train/                  |            |
|    approx_kl            | 0.02322737 |
|    clip_fraction        | 0.211      |
|    clip_range           | 0.2        |
|    entropy_loss         | -35.7      |
|    explained_variance   | 0.342      |
|    learning_rate        | 5e-05      |
|    loss                 | 0.0744     |
|    n_updates            | 490        |
|    policy_gradient_loss | -0.0145    |
|    std                  | 0.956      |
|    value_loss           | 0.179      |
----------------------------------------
Exception in thread Thread-3:
Traceback (most recent call last):
  File "/home/sc.uni-leipzig.de/tk51maga/projects/uitb/RL_2025_UITB_REG/uitb/train/trainer.py", line 161, in <module>
    rl_model.learn(WandbCallback(verbose=2),
  File "/home/sc.uni-leipzig.de/tk51maga/projects/uitb/RL_2025_UITB_REG/simulators/reg_mobl_arms_index_pointing_negative_four_l_one/reg_mobl_arms_index_pointing_negative_four_l_one/rl/sb3/PPO.py", line 143, in learn
  File "/home/sc.uni-leipzig.de/tk51maga/projects/uitb/RL_2025_UITB_REG/simulators/reg_mobl_arms_index_pointing_negative_four_l_one/reg_mobl_arms_index_pointing_negative_four_l_one/rl/sb3/PPO.py", line 202, in learn
  File "/home/sc.uni-leipzig.de/tk51maga/.local/lib/python3.11/site-packages/stable_baselines3/common/logger.py", line 538, in dump
    _format.write(self.name_to_value, self.name_to_excluded, step)
  File "/home/sc.uni-leipzig.de/tk51maga/.local/lib/python3.11/site-packages/stable_baselines3/common/logger.py", line 413, in write
Traceback (most recent call last):
      File "/home/sc.uni-leipzig.de/tk51maga/projects/uitb/RL_2025_UITB_REG/uitb/train/trainer.py", line 161, in <module>
    rl_model.learn(WandbCallback(verbose=2),
self.writer.add_scalar(key, value, step)
  File "/home/sc.uni-leipzig.de/tk51maga/projects/uitb/RL_2025_UITB_REG/simulators/reg_mobl_arms_index_pointing_negative_four_l_one/reg_mobl_arms_index_pointing_negative_four_l_one/rl/sb3/PPO.py", line 143, in learn
  File "/home/sc.uni-leipzig.de/tk51maga/.local/lib/python3.11/site-packages/torch/utils/tensorboard/writer.py", line 381, in add_scalar
  File "/home/sc.uni-leipzig.de/tk51maga/projects/uitb/RL_2025_UITB_REG/simulators/reg_mobl_arms_index_pointing_negative_four_l_one/reg_mobl_arms_index_pointing_negative_four_l_one/rl/sb3/PPO.py", line 202, in learn
  File "/home/sc.uni-leipzig.de/tk51maga/.local/lib/python3.11/site-packages/stable_baselines3/common/logger.py", line 538, in dump
    _format.write(self.name_to_value, self.name_to_excluded, step)
  File "/home/sc.uni-leipzig.de/tk51maga/.local/lib/python3.11/site-packages/stable_baselines3/common/logger.py", line 413, in write
    self.writer.add_scalar(key, value, step)
      File "/home/sc.uni-leipzig.de/tk51maga/.local/lib/python3.11/site-packages/torch/utils/tensorboard/writer.py", line 381, in add_scalar
    self._get_file_writer().add_summary(summary, global_step, walltime)
self._get_file_writer().add_summary(summary, global_step, walltime)
  File "/home/sc.uni-leipzig.de/tk51maga/.local/lib/python3.11/site-packages/torch/utils/tensorboard/writer.py", line 115, in add_summary
    self.add_event(event, global_step, walltime)
  File "/home/sc.uni-leipzig.de/tk51maga/.local/lib/python3.11/site-packages/torch/utils/tensorboard/writer.py", line 115, in add_summary
  File "/home/sc.uni-leipzig.de/tk51maga/.local/lib/python3.11/site-packages/torch/utils/tensorboard/writer.py", line 99, in add_event
    self.event_writer.add_event(event)
  File "/home/sc.uni-leipzig.de/tk51maga/.local/lib/python3.11/site-packages/tensorboard/summary/writer/event_file_writer.py", line 117, in add_event
    self._async_writer.write(event.SerializeToString())
      File "/home/sc.uni-leipzig.de/tk51maga/.local/lib/python3.11/site-packages/tensorboard/summary/writer/event_file_writer.py", line 178, in write
    self._check_worker_status()
self.add_event(event, global_step, walltime)
  File "/home/sc.uni-leipzig.de/tk51maga/.local/lib/python3.11/site-packages/tensorboard/summary/writer/event_file_writer.py", line 212, in _check_worker_status
    raise exception
  File "/home/sc.uni-leipzig.de/tk51maga/.local/lib/python3.11/site-packages/torch/utils/tensorboard/writer.py", line 99, in add_event
  File "/software/easybuild/el9/amd_zen1/all/Anaconda3/2024.02-1/lib/python3.11/threading.py", line 1045, in _bootstrap_inner
    self.run()
  File "/home/sc.uni-leipzig.de/tk51maga/.local/lib/python3.11/site-packages/tensorboard/summary/writer/event_file_writer.py", line 244, in run
    self._run()
    self.event_writer.add_event(event)  File "/home/sc.uni-leipzig.de/tk51maga/.local/lib/python3.11/site-packages/tensorboard/summary/writer/event_file_writer.py", line 275, in _run
    self._record_writer.write(data)

  File "/home/sc.uni-leipzig.de/tk51maga/.local/lib/python3.11/site-packages/tensorboard/summary/writer/record_writer.py", line 40, in write
    self._writer.write(header + header_crc + data + footer_crc)
  File "/home/sc.uni-leipzig.de/tk51maga/.local/lib/python3.11/site-packages/tensorboard/summary/writer/event_file_writer.py", line 117, in add_event
  File "/home/sc.uni-leipzig.de/tk51maga/.local/lib/python3.11/site-packages/tensorboard/compat/tensorflow_stub/io/gfile.py", line 775, in write
    self.fs.append(self.filename, file_content, self.binary_mode)
  File "/home/sc.uni-leipzig.de/tk51maga/.local/lib/python3.11/site-packages/tensorboard/compat/tensorflow_stub/io/gfile.py", line 167, in append
    self._write(filename, file_content, "ab" if binary_mode else "a")
  File "/home/sc.uni-leipzig.de/tk51maga/.local/lib/python3.11/site-packages/tensorboard/compat/tensorflow_stub/io/gfile.py", line 171, in _write
    with io.open(filename, mode, encoding=encoding) as f:
         ^^^^^^^^^^^^^^^^^^^^^^^^^^^^^^^^^^^^^^^^^^
FileNotFoundError: [Errno 2] No such file or directory: b'/home/sc.uni-leipzig.de/tk51maga/projects/uitb/RL_2025_UITB_REG/simulators/reg_mobl_arms_index_pointing_negative_four_l_one/PPO_1/events.out.tfevents.1750080490.paula09.sc.uni-leipzig.de.3613864.0'
    self._async_writer.write(event.SerializeToString())
  File "/home/sc.uni-leipzig.de/tk51maga/.local/lib/python3.11/site-packages/tensorboard/summary/writer/event_file_writer.py", line 178, in write
    self._check_worker_status()
  File "/home/sc.uni-leipzig.de/tk51maga/.local/lib/python3.11/site-packages/tensorboard/summary/writer/event_file_writer.py", line 212, in _check_worker_status
    raise exception
  File "/software/easybuild/el9/amd_zen1/all/Anaconda3/2024.02-1/lib/python3.11/threading.py", line 1045, in _bootstrap_inner
    self.run()
  File "/home/sc.uni-leipzig.de/tk51maga/.local/lib/python3.11/site-packages/tensorboard/summary/writer/event_file_writer.py", line 244, in run
    self._run()
  File "/home/sc.uni-leipzig.de/tk51maga/.local/lib/python3.11/site-packages/tensorboard/summary/writer/event_file_writer.py", line 275, in _run
    self._record_writer.write(data)
  File "/home/sc.uni-leipzig.de/tk51maga/.local/lib/python3.11/site-packages/tensorboard/summary/writer/record_writer.py", line 40, in write
    self._writer.write(header + header_crc + data + footer_crc)
  File "/home/sc.uni-leipzig.de/tk51maga/.local/lib/python3.11/site-packages/tensorboard/compat/tensorflow_stub/io/gfile.py", line 775, in write
    self.fs.append(self.filename, file_content, self.binary_mode)
  File "/home/sc.uni-leipzig.de/tk51maga/.local/lib/python3.11/site-packages/tensorboard/compat/tensorflow_stub/io/gfile.py", line 167, in append
    self._write(filename, file_content, "ab" if binary_mode else "a")
  File "/home/sc.uni-leipzig.de/tk51maga/.local/lib/python3.11/site-packages/tensorboard/compat/tensorflow_stub/io/gfile.py", line 171, in _write
    with io.open(filename, mode, encoding=encoding) as f:
         ^^^^^^^^^^^^^^^^^^^^^^^^^^^^^^^^^^^^^^^^^^
FileNotFoundError: [Errno 2] No such file or directory: b'/home/sc.uni-leipzig.de/tk51maga/projects/uitb/RL_2025_UITB_REG/simulators/reg_mobl_arms_index_pointing_negative_four_l_one/PPO_1/events.out.tfevents.1750080490.paula09.sc.uni-leipzig.de.3613864.0'
[1;34mwandb[0m: 
[1;34mwandb[0m: 🚀 View run [33mreg_mobl_arms_index_pointing_negative_four_l_one[0m at: [34mhttps://wandb.ai/coyfelix7-universit-t-leipzig/uitb/runs/8m8cef89[0m
[1;34mwandb[0m: Find logs at: [1;35msimulators/wandb/run-20250616_152759-8m8cef89/logs[0m
